<?xml version="1.0" encoding="UTF-8"?>
<testsuite xmlns:xsi="http://www.w3.org/2001/XMLSchema-instance" xsi:schemaLocation="https://maven.apache.org/surefire/maven-surefire-plugin/xsd/surefire-test-report.xsd" name="starter.CucumberTestSuite" time="189.706" tests="35" errors="0" skipped="0" failures="0">
  <properties>
[...]
</properties>
  <testcase name="Im on the Home page" classname="User able to add some product to cart" time="24.591"/>
  <testcase name="I click Beli1" classname="User able to add some product to cart" time="0.165"/>
  <testcase name="I click Beli2" classname="User able to add some product to cart" time="0.694"/>
  <testcase name="Number of product in cart increase" classname="User able to add some product to cart" time="2.704"/>
  <testcase name="User able to add some product to cart" classname="User able to add some product to cart" time="2.735"/>
  <testcase name="user on login page" classname="As a user i cant login because invalid password" time="24.079"/>
  <testcase name="user input valid username" classname="As a user i cant login because invalid password" time="0.877"/>
  <testcase name="user input invalid password" classname="As a user i cant login because invalid password" time="1.306"/>
  <testcase name="user click login button" classname="As a user i cant login because invalid password" time="0.92"/>
  <testcase name="user see error message Wrong Email or Password" classname="As a user i cant login because invalid password" time="2.579"/>
  <testcase name="As a user i cant login because invalid password" classname="As a user i cant login because invalid password" time="2.592"/>
  <testcase name="user on login page" classname="As a user i cant login because empty data" time="27.225"/>
  <testcase name="user didnt fill email" classname="As a user i cant login because empty data" time="0.314"/>
  <testcase name="user didnt fill password" classname="As a user i cant login because empty data" time="1.504"/>
  <testcase name="user click login button" classname="As a user i cant login because empty data" time="0.147"/>
  <testcase name="user see notification below boxes" classname="As a user i cant login because empty data" time="2.779"/>
  <testcase name="As a user i cant login because empty data" classname="As a user i cant login because empty data" time="2.794"/>
  <testcase name="user on login page" classname="As a user i cant login because invalid email and password" time="25.735"/>
  <testcase name="user input invalid username" classname="As a user i cant login because invalid email and password" time="0.986"/>
  <testcase name="user input invalid password" classname="As a user i cant login because invalid email and password" time="1.445"/>
  <testcase name="user click login button" classname="As a user i cant login because invalid email and password" time="0.91"/>
  <testcase name="user see error message Wrong Email or Password" classname="As a user i cant login because invalid email and password" time="2.586"/>
  <testcase name="As a user i cant login because invalid email and password" classname="As a user i cant login because invalid email and password" time="2.598"/>
  <testcase name="user on login page" classname="As a user i SUCCES login with valid email and password" time="25.239"/>
  <testcase name="user input valid username" classname="As a user i SUCCES login with valid email and password" time="0.987"/>
  <testcase name="user input valid password" classname="As a user i SUCCES login with valid email and password" time="1.397"/>
  <testcase name="user click login button" classname="As a user i SUCCES login with valid email and password" time="0.879"/>
  <testcase name="i got into dashboard again" classname="As a user i SUCCES login with valid email and password" time="3.303"/>
  <testcase name="As a user i SUCCES login with valid email and password" classname="As a user i SUCCES login with valid email and password" time="3.317"/>
  <testcase name="Im on the login page" classname="User not able to register with existing data register" time="24.624"/>
  <testcase name="I click register account to registering new account" classname="User not able to register with existing data register" time="0.179"/>
  <testcase name="I fill the data register with already exist" classname="User not able to register with existing data register" time="0.082"/>
  <testcase name="I click register account to regist the new account" classname="User not able to register with existing data register" time="1.296"/>
  <testcase name="I got message GAGAL on screen" classname="User not able to register with existing data register" time="1.211"/>
  <testcase name="User not able to register with existing data register" classname="User not able to register with existing data register" time="1.223"/>
</testsuite>