<?xml version="1.0" encoding="UTF-8"?>
<testsuite xmlns:xsi="http://www.w3.org/2001/XMLSchema-instance" xsi:noNamespaceSchemaLocation="https://maven.apache.org/surefire/maven-failsafe-plugin/xsd/failsafe-test-report-3.0.xsd" version="3.0" name="starter.CucumberTestSuite" time="40.002" tests="13" errors="0" skipped="0" failures="0">
  <properties>
[...]
</properties>
  <testcase name="POST LOGIN  success to login with valid data" classname="User able to see Home Page" time="9.497">
    <system-out><![CDATA[23:01:25.229 [main] DEBUG net.thucydides.core.guice.Injectors -- Created injector for module net.thucydides.core.guice.ThucydidesModule
23:01:25.834 [main] DEBUG io.cucumber.core.plugin.SerenityReporter -- Running feature from file:///D:/Intelij/restapiMiniproject%20Elisa/src/test/resources/features/Authentication.feature
23:01:26.161 [main] DEBUG net.thucydides.core.guice.Injectors -- Created injector for module net.thucydides.core.guice.webdriver.WebDriverModule
23:01:26.200 [main] INFO  -- 

-------------------------------------------------------------------------------------
     _______. _______ .______       _______ .__   __.  __  .___________.____    ____ 
    /       ||   ____||   _  \     |   ____||  \ |  | |  | |           |\   \  /   / 
   |   (----`|  |__   |  |_)  |    |  |__   |   \|  | |  | `---|  |----` \   \/   /  
    \   \    |   __|  |      /     |   __|  |  . `  | |  |     |  |       \_    _/   
.----)   |   |  |____ |  |\  \----.|  |____ |  |\   | |  |     |  |         |  |     
|_______/    |_______|| _| `._____||_______||__| \__| |__|     |__|         |__|    
                                                                                     
 News and tutorials at http://www.serenity-bdd.info                                  
 Documentation at https://wakaleo.gitbooks.io/the-serenity-book/content/             
 Join the Serenity Community on Gitter: https://gitter.im/serenity-bdd/serenity-core 
 Serenity BDD Support and Training at http://serenity-bdd.info/#/trainingandsupport  
-------------------------------------------------------------------------------------

23:01:26.204 [main] DEBUG net.thucydides.core.steps.StepEventBus -- Test suite started for story net.thucydides.core.model.Story@935d605e
23:01:26.206 [main] INFO  -- Test Suite Started: User able to see Home Page
23:01:26.236 [main] DEBUG io.cucumber.core.plugin.SerenityReporter -- Running feature from file:///D:/Intelij/restapiMiniproject%20Elisa/src/test/resources/features/Hello.feature
23:01:26.245 [main] DEBUG net.thucydides.core.steps.StepEventBus -- Test suite started for story net.thucydides.core.model.Story@2f14db90
23:01:26.246 [main] INFO  -- Test Suite Started: As user I want to test index page hello
23:01:26.247 [main] DEBUG io.cucumber.core.plugin.SerenityReporter -- Running feature from file:///D:/Intelij/restapiMiniproject%20Elisa/src/test/resources/features/Orders.feature
23:01:26.254 [main] DEBUG net.thucydides.core.steps.StepEventBus -- Test suite started for story net.thucydides.core.model.Story@da1b7be6
23:01:26.255 [main] INFO  -- Test Suite Started: As user i want to test order on website
23:01:26.256 [main] DEBUG io.cucumber.core.plugin.SerenityReporter -- Running feature from file:///D:/Intelij/restapiMiniproject%20Elisa/src/test/resources/features/ProdCate.feature
23:01:26.269 [main] DEBUG net.thucydides.core.steps.StepEventBus -- Test suite started for story net.thucydides.core.model.Story@59a8abd2
23:01:26.270 [main] INFO  -- Test Suite Started: Product Category
23:01:26.270 [main] DEBUG io.cucumber.core.plugin.SerenityReporter -- Running feature from file:///D:/Intelij/restapiMiniproject%20Elisa/src/test/resources/features/Product.feature
23:01:26.283 [main] DEBUG net.thucydides.core.steps.StepEventBus -- Test suite started for story net.thucydides.core.model.Story@35ffe80f
23:01:26.283 [main] INFO  -- Test Suite Started: Product Data
23:01:26.284 [main] DEBUG io.cucumber.core.plugin.SerenityReporter -- Running feature from file:///D:/Intelij/restapiMiniproject%20Elisa/src/test/resources/features/Authentication.feature
23:01:26.293 [main] DEBUG net.thucydides.core.steps.StepEventBus -- Test suite started for story net.thucydides.core.model.Story@935d605e
23:01:26.293 [main] INFO  -- Test Suite Started: User able to see Home Page

@Login
Scenario: POST LOGIN  success to login with valid data &amp#27;[90m# src/test/resources/features/Authentication.feature:4&amp#27;[0m
23:01:26.571 [main] DEBUG io.cucumber.core.plugin.SerenityReporter -- Running feature from file:///D:/Intelij/restapiMiniproject%20Elisa/src/test/resources/features/Authentication.feature
23:01:26.955 [main] INFO  -- 
  _____   ___   ___   _____     ___   _____     _     ___   _____   ___   ___  
 |_   _| | __| / __| |_   _|   / __| |_   _|   /_\   | _ \ |_   _| | __| |   \ 
   | |   | _|  \__ \   | |     \__ \   | |    / _ \  |   /   | |   | _|  | |) |
   |_|   |___| |___/   |_|     |___/   |_|   /_/ \_\ |_|_\   |_|   |___| |___/ 

POST LOGIN  success to login with valid data(user-able-to-see-home-page;post-login--success-to-login-with-valid-data)
--------------------------------------------------------------------------------
23:01:27.101 [main] DEBUG net.thucydides.core.requirements.model.cucumber.CucumberParser -- Loading feature D:\Intelij\restapiMiniproject Elisa\src\test\resources\features\Authentication.feature
23:01:27.163 [main] DEBUG net.thucydides.core.requirements.model.cucumber.CucumberParser -- Loading feature D:\Intelij\restapiMiniproject Elisa\src\test\resources\features\Hello.feature
23:01:27.180 [main] DEBUG net.thucydides.core.requirements.model.cucumber.CucumberParser -- Loading feature D:\Intelij\restapiMiniproject Elisa\src\test\resources\features\Orders.feature
23:01:27.199 [main] DEBUG net.thucydides.core.requirements.model.cucumber.CucumberParser -- Loading feature D:\Intelij\restapiMiniproject Elisa\src\test\resources\features\ProdCate.feature
23:01:27.216 [main] DEBUG net.thucydides.core.requirements.model.cucumber.CucumberParser -- Loading feature D:\Intelij\restapiMiniproject Elisa\src\test\resources\features\Product.feature
23:01:28.597 [main] DEBUG net.thucydides.core.steps.StepInterceptor -- STARTING STEP: UserSteps.userSetEndpointForLogin - endpointLogin
23:01:28.604 [main] DEBUG net.thucydides.core.steps.StepInterceptor -- STEP DONE: endpointLogin
  &amp#27;[32mGiven &amp#27;[0m&amp#27;[32mI set endpoint for login&amp#27;[0m                       &amp#27;[90m# starter.stepdefinitions.UserSteps.userSetEndpointForLogin()&amp#27;[0m
23:01:28.633 [main] DEBUG net.thucydides.core.steps.StepInterceptor -- STARTING STEP: UserSteps.userSendPOSTHTTPRequestWithValidData - postHTTPRequestValidData
23:01:32.296 [main] DEBUG net.thucydides.core.steps.StepInterceptor -- STARTING STEP: AuthenLogin.postHTTPRequestValidData - endpointLogin
23:01:32.297 [main] DEBUG net.thucydides.core.steps.StepInterceptor -- STEP DONE: endpointLogin
23:01:33.973 [main] DEBUG org.apache.http.impl.conn.BasicClientConnectionManager -- Get connection for route {s}->https://altashop-api.fly.dev:443
23:01:34.017 [main] DEBUG org.apache.http.impl.conn.DefaultClientConnectionOperator -- Connecting to altashop-api.fly.dev:443
23:01:34.970 [main] DEBUG org.apache.http.client.protocol.RequestAddCookies -- CookieSpec selected: ignoreCookies
23:01:34.975 [main] DEBUG org.apache.http.client.protocol.RequestAuthCache -- Auth cache not set in the context
23:01:34.975 [main] DEBUG org.apache.http.client.protocol.RequestTargetAuthentication -- Target auth state: UNCHALLENGED
23:01:34.976 [main] DEBUG org.apache.http.client.protocol.RequestProxyAuthentication -- Proxy auth state: UNCHALLENGED
23:01:34.977 [main] DEBUG org.apache.http.impl.client.DefaultHttpClient -- Attempt 1 to execute request
23:01:34.977 [main] DEBUG org.apache.http.impl.conn.DefaultClientConnection -- Sending request: POST /api/auth/login HTTP/1.1
23:01:34.978 [main] DEBUG org.apache.http.wire --  >> "POST /api/auth/login HTTP/1.1[\r][\n]"
23:01:34.979 [main] DEBUG org.apache.http.wire --  >> "Accept: */*[\r][\n]"
23:01:34.979 [main] DEBUG org.apache.http.wire --  >> "Content-Type: application/json[\r][\n]"
23:01:34.980 [main] DEBUG org.apache.http.wire --  >> "Content-Length: 48[\r][\n]"
23:01:34.981 [main] DEBUG org.apache.http.wire --  >> "Host: altashop-api.fly.dev[\r][\n]"
23:01:34.981 [main] DEBUG org.apache.http.wire --  >> "Connection: Keep-Alive[\r][\n]"
23:01:34.981 [main] DEBUG org.apache.http.wire --  >> "User-Agent: Apache-HttpClient/4.5.13 (Java/20)[\r][\n]"
23:01:34.981 [main] DEBUG org.apache.http.wire --  >> "Accept-Encoding: gzip,deflate[\r][\n]"
23:01:34.981 [main] DEBUG org.apache.http.wire --  >> "[\r][\n]"
23:01:34.982 [main] DEBUG org.apache.http.headers -- >> POST /api/auth/login HTTP/1.1
23:01:34.982 [main] DEBUG org.apache.http.headers -- >> Accept: */*
23:01:34.982 [main] DEBUG org.apache.http.headers -- >> Content-Type: application/json
23:01:34.983 [main] DEBUG org.apache.http.headers -- >> Content-Length: 48
23:01:34.983 [main] DEBUG org.apache.http.headers -- >> Host: altashop-api.fly.dev
23:01:34.983 [main] DEBUG org.apache.http.headers -- >> Connection: Keep-Alive
23:01:34.984 [main] DEBUG org.apache.http.headers -- >> User-Agent: Apache-HttpClient/4.5.13 (Java/20)
23:01:34.984 [main] DEBUG org.apache.http.headers -- >> Accept-Encoding: gzip,deflate
23:01:34.985 [main] DEBUG org.apache.http.wire --  >> "{"password":"123123","email":"someone@mail.com"}"
23:01:35.066 [main] DEBUG org.apache.http.wire --  << "HTTP/1.1 200 OK[\r][\n]"
23:01:35.069 [main] DEBUG org.apache.http.wire --  << "content-type: application/json[\r][\n]"
23:01:35.069 [main] DEBUG org.apache.http.wire --  << "date: Sat, 06 May 2023 16:01:35 GMT[\r][\n]"
23:01:35.069 [main] DEBUG org.apache.http.wire --  << "content-encoding: gzip[\r][\n]"
23:01:35.069 [main] DEBUG org.apache.http.wire --  << "transfer-encoding: chunked[\r][\n]"
23:01:35.070 [main] DEBUG org.apache.http.wire --  << "server: Fly/3f2597ca (2023-05-03)[\r][\n]"
23:01:35.070 [main] DEBUG org.apache.http.wire --  << "via: 1.1 fly.io[\r][\n]"
23:01:35.070 [main] DEBUG org.apache.http.wire --  << "fly-request-id: 01GZRWR3SJMAE7KAWXVD3DE4P6-sin[\r][\n]"
23:01:35.070 [main] DEBUG org.apache.http.wire --  << "[\r][\n]"
23:01:35.071 [main] DEBUG org.apache.http.impl.conn.DefaultClientConnection -- Receiving response: HTTP/1.1 200 OK
23:01:35.072 [main] DEBUG org.apache.http.headers -- << HTTP/1.1 200 OK
23:01:35.072 [main] DEBUG org.apache.http.headers -- << content-type: application/json
23:01:35.072 [main] DEBUG org.apache.http.headers -- << date: Sat, 06 May 2023 16:01:35 GMT
23:01:35.072 [main] DEBUG org.apache.http.headers -- << content-encoding: gzip
23:01:35.072 [main] DEBUG org.apache.http.headers -- << transfer-encoding: chunked
23:01:35.072 [main] DEBUG org.apache.http.headers -- << server: Fly/3f2597ca (2023-05-03)
23:01:35.072 [main] DEBUG org.apache.http.headers -- << via: 1.1 fly.io
23:01:35.072 [main] DEBUG org.apache.http.headers -- << fly-request-id: 01GZRWR3SJMAE7KAWXVD3DE4P6-sin
23:01:35.089 [main] DEBUG org.apache.http.impl.client.DefaultHttpClient -- Connection can be kept alive indefinitely
23:01:35.111 [main] DEBUG io.restassured.internal.RestAssuredHttpBuilder -- Parsing response as: application/json
23:01:35.113 [main] DEBUG org.apache.http.wire --  << "AC[\r][\n]"
23:01:35.114 [main] DEBUG org.apache.http.wire --  << "[0x1f][0x8b][0x8][0x0][0x0][0x0][0x0][0x0][0x4][0xff][0xab]VJI,IT[0xb2]RJ[0xad][0xf4][0xca]HrO[0xce][0xf4][0xcf][0xf4][0xf2][0xc][0xad][0xf2]4[0xf4][0xcb][0xf4],[0xf6][0xcc][0xb]2Mv[0xf6]4[0xf3][0xcc].[0x88][0x8]s[0xf6][0xb2][0xd4]K[0xad][0xf4]rO[0x9][0xaf](N[0xca]u+[0x89][\n]"
23:01:35.114 [main] DEBUG org.apache.http.wire --  << "[0x6]K[0x94]%[0xba][0x9b][0xa4][0x7][0xb9][[0xe6]xf[0x96]g[0x6][0x85][0x1b]f$[0x86][0x97][0x83][0xc][0xa9]J22[0xcc]I22[0xcd][0x9]t[0x7][0x8b][0x95]F[0x1a]Y[0x96]x[0xe6][0x19][0xe8][0x85][0x97]9[0x5]W$[0x7][0xba][0x16][0x16][0xe6]e:[0x1b][0x96][0x19]X[0xf8]Te[0x17]y$[0xbb][0xfa][0xa4][0xa6][0x17][0x1b]$[0x99][0x97][0x95]d[0xb9][0x7][0x84]g&[0xba][0x86]'{*[0xd5]r[0x1][0x0]?[0x99][0xcf]j[0xa0][0x0][0x0][0x0]"
23:01:35.115 [main] DEBUG org.apache.http.wire --  << "[\r][\n]"
23:01:35.116 [main] DEBUG org.apache.http.wire --  << "0[\r][\n]"
23:01:35.117 [main] DEBUG org.apache.http.wire --  << "[\r][\n]"
23:01:35.118 [main] DEBUG io.restassured.internal.RestAssuredHttpBuilder -- Parsed data to instance of: class org.apache.http.conn.EofSensorInputStream
23:01:35.229 [main] DEBUG org.apache.http.impl.conn.BasicClientConnectionManager -- Releasing connection org.apache.http.impl.conn.ManagedClientConnectionImpl@2820b369
23:01:35.229 [main] DEBUG org.apache.http.impl.conn.BasicClientConnectionManager -- Connection can be kept alive indefinitely
23:01:35.241 [main] DEBUG net.thucydides.core.steps.StepInterceptor -- STEP DONE: postHTTPRequestValidData
  &amp#27;[32mWhen &amp#27;[0m&amp#27;[32mIam send POST HTTP request for valid data&amp#27;[0m       &amp#27;[90m# starter.stepdefinitions.UserSteps.userSendPOSTHTTPRequestWithValidData()&amp#27;[0m
23:01:35.258 [main] DEBUG net.thucydides.core.steps.StepInterceptor -- STARTING STEP: UserSteps.userSeeStatusCode - statusCodeLoginValid
23:01:35.326 [main] DEBUG net.thucydides.core.steps.StepInterceptor -- STEP DONE: statusCodeLoginValid
  &amp#27;[32mThen &amp#27;[0m&amp#27;[32mseeing status code 200&amp#27;[0m                          &amp#27;[90m# starter.stepdefinitions.UserSteps.userSeeStatusCode()&amp#27;[0m
23:01:35.347 [main] DEBUG net.thucydides.core.steps.StepInterceptor -- STARTING STEP: UserSteps.getValidData - getValidData
23:01:35.760 [main] DEBUG net.thucydides.core.steps.StepInterceptor -- STEP DONE: getValidData
  &amp#27;[32mAnd &amp#27;[0m&amp#27;[32mget validation data and token&amp#27;[0m                    &amp#27;[90m# starter.stepdefinitions.UserSteps.getValidData()&amp#27;[0m
23:01:35.782 [main] INFO  -- 
  _____   ___   ___   _____     ___     _     ___   ___   ___   ___  
 |_   _| | __| / __| |_   _|   | _ \   /_\   / __| / __| | __| |   \ 
   | |   | _|  \__ \   | |     |  _/  / _ \  \__ \ \__ \ | _|  | |) |
   |_|   |___| |___/   |_|     |_|   /_/ \_\ |___/ |___/ |___| |___/ 

POST LOGIN  success to login with valid data
----------------------------------------------------------------------
]]></system-out>
  </testcase>
  <testcase name="POST LOGIN should failed to login with invalid data" classname="User able to see Home Page" time="2.013">
    <system-out><![CDATA[
@Login
Scenario: POST LOGIN should failed to login with invalid data &amp#27;[90m# src/test/resources/features/Authentication.feature:10&amp#27;[0m
23:01:35.852 [main] DEBUG io.cucumber.core.plugin.SerenityReporter -- Running feature from file:///D:/Intelij/restapiMiniproject%20Elisa/src/test/resources/features/Authentication.feature
23:01:35.862 [main] INFO  -- 
  _____   ___   ___   _____     ___   _____     _     ___   _____   ___   ___  
 |_   _| | __| / __| |_   _|   / __| |_   _|   /_\   | _ \ |_   _| | __| |   \ 
   | |   | _|  \__ \   | |     \__ \   | |    / _ \  |   /   | |   | _|  | |) |
   |_|   |___| |___/   |_|     |___/   |_|   /_/ \_\ |_|_\   |_|   |___| |___/ 

POST LOGIN should failed to login with invalid data(user-able-to-see-home-page;post-login-should-failed-to-login-with-invalid-data)
--------------------------------------------------------------------------------
23:01:36.001 [main] DEBUG net.thucydides.core.steps.StepInterceptor -- STARTING STEP: UserSteps.userSetEndpointForLogin - endpointLogin
23:01:36.002 [main] DEBUG net.thucydides.core.steps.StepInterceptor -- STEP DONE: endpointLogin
  &amp#27;[32mGiven &amp#27;[0m&amp#27;[32mI set endpoint for login&amp#27;[0m                              &amp#27;[90m# starter.stepdefinitions.UserSteps.userSetEndpointForLogin()&amp#27;[0m
23:01:36.014 [main] DEBUG net.thucydides.core.steps.StepInterceptor -- STARTING STEP: UserSteps.userSendPOSTHTTPRequestWithInvalidData - postRequestInvalidData
23:01:36.021 [main] DEBUG net.thucydides.core.steps.StepInterceptor -- STARTING STEP: AuthenLogin.postRequestInvalidData - endpointLogin
23:01:36.022 [main] DEBUG net.thucydides.core.steps.StepInterceptor -- STEP DONE: endpointLogin
23:01:36.075 [main] DEBUG org.apache.http.impl.conn.BasicClientConnectionManager -- Get connection for route {s}->https://altashop-api.fly.dev:443
23:01:36.075 [main] DEBUG org.apache.http.impl.conn.DefaultClientConnectionOperator -- Connecting to altashop-api.fly.dev:443
23:01:36.318 [main] DEBUG org.apache.http.client.protocol.RequestAddCookies -- CookieSpec selected: ignoreCookies
23:01:36.318 [main] DEBUG org.apache.http.client.protocol.RequestAuthCache -- Auth cache not set in the context
23:01:36.319 [main] DEBUG org.apache.http.client.protocol.RequestTargetAuthentication -- Target auth state: UNCHALLENGED
23:01:36.319 [main] DEBUG org.apache.http.client.protocol.RequestProxyAuthentication -- Proxy auth state: UNCHALLENGED
23:01:36.319 [main] DEBUG org.apache.http.impl.client.DefaultHttpClient -- Attempt 1 to execute request
23:01:36.319 [main] DEBUG org.apache.http.impl.conn.DefaultClientConnection -- Sending request: POST /api/auth/login HTTP/1.1
23:01:36.319 [main] DEBUG org.apache.http.wire --  >> "POST /api/auth/login HTTP/1.1[\r][\n]"
23:01:36.319 [main] DEBUG org.apache.http.wire --  >> "Accept: */*[\r][\n]"
23:01:36.319 [main] DEBUG org.apache.http.wire --  >> "Content-Type: application/json[\r][\n]"
23:01:36.319 [main] DEBUG org.apache.http.wire --  >> "Content-Length: 49[\r][\n]"
23:01:36.319 [main] DEBUG org.apache.http.wire --  >> "Host: altashop-api.fly.dev[\r][\n]"
23:01:36.319 [main] DEBUG org.apache.http.wire --  >> "Connection: Keep-Alive[\r][\n]"
23:01:36.320 [main] DEBUG org.apache.http.wire --  >> "User-Agent: Apache-HttpClient/4.5.13 (Java/20)[\r][\n]"
23:01:36.320 [main] DEBUG org.apache.http.wire --  >> "Accept-Encoding: gzip,deflate[\r][\n]"
23:01:36.320 [main] DEBUG org.apache.http.wire --  >> "[\r][\n]"
23:01:36.320 [main] DEBUG org.apache.http.headers -- >> POST /api/auth/login HTTP/1.1
23:01:36.320 [main] DEBUG org.apache.http.headers -- >> Accept: */*
23:01:36.320 [main] DEBUG org.apache.http.headers -- >> Content-Type: application/json
23:01:36.320 [main] DEBUG org.apache.http.headers -- >> Content-Length: 49
23:01:36.320 [main] DEBUG org.apache.http.headers -- >> Host: altashop-api.fly.dev
23:01:36.320 [main] DEBUG org.apache.http.headers -- >> Connection: Keep-Alive
23:01:36.320 [main] DEBUG org.apache.http.headers -- >> User-Agent: Apache-HttpClient/4.5.13 (Java/20)
23:01:36.320 [main] DEBUG org.apache.http.headers -- >> Accept-Encoding: gzip,deflate
23:01:36.320 [main] DEBUG org.apache.http.wire --  >> "{"password":"SALAHYA","email":"someone@mail.com"}"
23:01:36.395 [main] DEBUG org.apache.http.wire --  << "HTTP/1.1 400 Bad Request[\r][\n]"
23:01:36.396 [main] DEBUG org.apache.http.wire --  << "content-type: application/json[\r][\n]"
23:01:36.396 [main] DEBUG org.apache.http.wire --  << "date: Sat, 06 May 2023 16:01:36 GMT[\r][\n]"
23:01:36.396 [main] DEBUG org.apache.http.wire --  << "content-encoding: gzip[\r][\n]"
23:01:36.396 [main] DEBUG org.apache.http.wire --  << "transfer-encoding: chunked[\r][\n]"
23:01:36.397 [main] DEBUG org.apache.http.wire --  << "server: Fly/3f2597ca (2023-05-03)[\r][\n]"
23:01:36.397 [main] DEBUG org.apache.http.wire --  << "via: 1.1 fly.io[\r][\n]"
23:01:36.397 [main] DEBUG org.apache.http.wire --  << "fly-request-id: 01GZRWR53107QM3XMH1J083BQ4-sin[\r][\n]"
23:01:36.397 [main] DEBUG org.apache.http.wire --  << "[\r][\n]"
23:01:36.397 [main] DEBUG org.apache.http.impl.conn.DefaultClientConnection -- Receiving response: HTTP/1.1 400 Bad Request
23:01:36.398 [main] DEBUG org.apache.http.headers -- << HTTP/1.1 400 Bad Request
23:01:36.398 [main] DEBUG org.apache.http.headers -- << content-type: application/json
23:01:36.398 [main] DEBUG org.apache.http.headers -- << date: Sat, 06 May 2023 16:01:36 GMT
23:01:36.398 [main] DEBUG org.apache.http.headers -- << content-encoding: gzip
23:01:36.398 [main] DEBUG org.apache.http.headers -- << transfer-encoding: chunked
23:01:36.398 [main] DEBUG org.apache.http.headers -- << server: Fly/3f2597ca (2023-05-03)
23:01:36.398 [main] DEBUG org.apache.http.headers -- << via: 1.1 fly.io
23:01:36.398 [main] DEBUG org.apache.http.headers -- << fly-request-id: 01GZRWR53107QM3XMH1J083BQ4-sin
23:01:36.399 [main] DEBUG org.apache.http.impl.client.DefaultHttpClient -- Connection can be kept alive indefinitely
23:01:36.399 [main] DEBUG io.restassured.internal.RestAssuredHttpBuilder -- Parsing response as: application/json
23:01:36.399 [main] DEBUG org.apache.http.wire --  << "3D[\r][\n]"
23:01:36.399 [main] DEBUG org.apache.http.wire --  << "[0x1f][0x8b][0x8][0x0][0x0][0x0][0x0][0x0][0x4][0xff][0xab]VJ-*[0xca]/R[0xb2]RJ[0xcd]M[0xcc][0xcc]Q[0xc8]/R(H,..[0xcf]/JQ[0xc8],V[0xc8][0xcc]+K[0xcc][0xc9]LQ[0xaa][0xe5][0x2][0x0][0xc0][0xad][0xff][0xb])[0x0][0x0][0x0]"
23:01:36.400 [main] DEBUG org.apache.http.wire --  << "[\r][\n]"
23:01:36.401 [main] DEBUG org.apache.http.wire --  << "0[\r][\n]"
23:01:36.401 [main] DEBUG org.apache.http.wire --  << "[\r][\n]"
23:01:36.401 [main] DEBUG io.restassured.internal.RestAssuredHttpBuilder -- Parsed data to instance of: class org.apache.http.conn.EofSensorInputStream
23:01:36.406 [main] DEBUG org.apache.http.impl.conn.BasicClientConnectionManager -- Releasing connection org.apache.http.impl.conn.ManagedClientConnectionImpl@56f61d74
23:01:36.406 [main] DEBUG org.apache.http.impl.conn.BasicClientConnectionManager -- Connection can be kept alive indefinitely
23:01:36.408 [main] DEBUG net.thucydides.core.steps.StepInterceptor -- STEP DONE: postRequestInvalidData
  &amp#27;[32mWhen &amp#27;[0m&amp#27;[32mIam send POST HTTP request for invalid data&amp#27;[0m            &amp#27;[90m# starter.stepdefinitions.UserSteps.userSendPOSTHTTPRequestWithInvalidData()&amp#27;[0m
23:01:36.425 [main] DEBUG net.thucydides.core.steps.StepInterceptor -- STARTING STEP: UserSteps.userSeeStatusCode400 - user see status code 400
23:01:36.428 [main] DEBUG net.thucydides.core.steps.StepInterceptor -- STEP DONE: user see status code 400
  &amp#27;[32mThen &amp#27;[0m&amp#27;[32mget the status code 400&amp#27;[0m                                &amp#27;[90m# starter.stepdefinitions.UserSteps.userSeeStatusCode400()&amp#27;[0m
23:01:36.438 [main] DEBUG net.thucydides.core.steps.StepInterceptor -- STARTING STEP: UserSteps.userGetErrorMessage - getErrorMessage
23:01:37.805 [main] DEBUG net.thucydides.core.steps.StepInterceptor -- STEP DONE: getErrorMessage
  &amp#27;[32mAnd &amp#27;[0m&amp#27;[32mget error message for failed login&amp#27;[0m                      &amp#27;[90m# starter.stepdefinitions.UserSteps.userGetErrorMessage()&amp#27;[0m
23:01:37.812 [main] INFO  -- 
  _____   ___   ___   _____     ___     _     ___   ___   ___   ___  
 |_   _| | __| / __| |_   _|   | _ \   /_\   / __| / __| | __| |   \ 
   | |   | _|  \__ \   | |     |  _/  / _ \  \__ \ \__ \ | _|  | |) |
   |_|   |___| |___/   |_|     |_|   /_/ \_\ |___/ |___/ |___| |___/ 

POST LOGIN should failed to login with invalid data
----------------------------------------------------------------------
]]></system-out>
  </testcase>
  <testcase name="POST REGISTER success to create account with valid input" classname="User able to see Home Page" time="1.192">
    <system-out><![CDATA[
@Login @Register
Scenario: POST REGISTER success to create account with valid input &amp#27;[90m# src/test/resources/features/Authentication.feature:18&amp#27;[0m
23:01:37.881 [main] DEBUG io.cucumber.core.plugin.SerenityReporter -- Running feature from file:///D:/Intelij/restapiMiniproject%20Elisa/src/test/resources/features/Authentication.feature
23:01:37.892 [main] INFO  -- 
  _____   ___   ___   _____     ___   _____     _     ___   _____   ___   ___  
 |_   _| | __| / __| |_   _|   / __| |_   _|   /_\   | _ \ |_   _| | __| |   \ 
   | |   | _|  \__ \   | |     \__ \   | |    / _ \  |   /   | |   | _|  | |) |
   |_|   |___| |___/   |_|     |___/   |_|   /_/ \_\ |_|_\   |_|   |___| |___/ 

POST REGISTER success to create account with valid input(user-able-to-see-home-page;post-register-success-to-create-account-with-valid-input)
--------------------------------------------------------------------------------
23:01:37.941 [main] DEBUG net.thucydides.core.steps.StepInterceptor -- STARTING STEP: UserSteps.userSetEndpointForRegister - endpointRegister
23:01:37.943 [main] DEBUG net.thucydides.core.steps.StepInterceptor -- STEP DONE: endpointRegister
  &amp#27;[32mGiven &amp#27;[0m&amp#27;[32mIam set endpoint for register&amp#27;[0m                              &amp#27;[90m# starter.stepdefinitions.UserSteps.userSetEndpointForRegister()&amp#27;[0m
23:01:37.953 [main] DEBUG net.thucydides.core.steps.StepInterceptor -- STARTING STEP: UserSteps.userSendCreateAccountWithValidData - createRegisterVALID
23:01:38.593 [main] DEBUG net.thucydides.core.steps.StepInterceptor -- STARTING STEP: AuthenRegist.createRegisterVALID - endpointRegister
23:01:38.594 [main] DEBUG net.thucydides.core.steps.StepInterceptor -- STEP DONE: endpointRegister
23:01:38.667 [main] DEBUG org.apache.http.impl.conn.BasicClientConnectionManager -- Get connection for route {s}->https://altashop-api.fly.dev:443
23:01:38.667 [main] DEBUG org.apache.http.impl.conn.DefaultClientConnectionOperator -- Connecting to altashop-api.fly.dev:443
23:01:38.873 [main] DEBUG org.apache.http.client.protocol.RequestAddCookies -- CookieSpec selected: ignoreCookies
23:01:38.874 [main] DEBUG org.apache.http.client.protocol.RequestAuthCache -- Auth cache not set in the context
23:01:38.874 [main] DEBUG org.apache.http.client.protocol.RequestTargetAuthentication -- Target auth state: UNCHALLENGED
23:01:38.874 [main] DEBUG org.apache.http.client.protocol.RequestProxyAuthentication -- Proxy auth state: UNCHALLENGED
23:01:38.874 [main] DEBUG org.apache.http.impl.client.DefaultHttpClient -- Attempt 1 to execute request
23:01:38.874 [main] DEBUG org.apache.http.impl.conn.DefaultClientConnection -- Sending request: POST /api/auth/register HTTP/1.1
23:01:38.875 [main] DEBUG org.apache.http.wire --  >> "POST /api/auth/register HTTP/1.1[\r][\n]"
23:01:38.875 [main] DEBUG org.apache.http.wire --  >> "Accept: */*[\r][\n]"
23:01:38.875 [main] DEBUG org.apache.http.wire --  >> "Content-Type: application/json[\r][\n]"
23:01:38.875 [main] DEBUG org.apache.http.wire --  >> "Content-Length: 86[\r][\n]"
23:01:38.875 [main] DEBUG org.apache.http.wire --  >> "Host: altashop-api.fly.dev[\r][\n]"
23:01:38.876 [main] DEBUG org.apache.http.wire --  >> "Connection: Keep-Alive[\r][\n]"
23:01:38.876 [main] DEBUG org.apache.http.wire --  >> "User-Agent: Apache-HttpClient/4.5.13 (Java/20)[\r][\n]"
23:01:38.876 [main] DEBUG org.apache.http.wire --  >> "Accept-Encoding: gzip,deflate[\r][\n]"
23:01:38.876 [main] DEBUG org.apache.http.wire --  >> "[\r][\n]"
23:01:38.876 [main] DEBUG org.apache.http.headers -- >> POST /api/auth/register HTTP/1.1
23:01:38.876 [main] DEBUG org.apache.http.headers -- >> Accept: */*
23:01:38.876 [main] DEBUG org.apache.http.headers -- >> Content-Type: application/json
23:01:38.876 [main] DEBUG org.apache.http.headers -- >> Content-Length: 86
23:01:38.877 [main] DEBUG org.apache.http.headers -- >> Host: altashop-api.fly.dev
23:01:38.877 [main] DEBUG org.apache.http.headers -- >> Connection: Keep-Alive
23:01:38.877 [main] DEBUG org.apache.http.headers -- >> User-Agent: Apache-HttpClient/4.5.13 (Java/20)
23:01:38.877 [main] DEBUG org.apache.http.headers -- >> Accept-Encoding: gzip,deflate
23:01:38.877 [main] DEBUG org.apache.http.wire --  >> "{"password":"elisandra1","fullname":"Elisandra","email":"norberto.prohaska@gmail.com"}"
23:01:38.960 [main] DEBUG org.apache.http.wire --  << "HTTP/1.1 200 OK[\r][\n]"
23:01:38.961 [main] DEBUG org.apache.http.wire --  << "content-type: application/json[\r][\n]"
23:01:38.962 [main] DEBUG org.apache.http.wire --  << "date: Sat, 06 May 2023 16:01:38 GMT[\r][\n]"
23:01:38.962 [main] DEBUG org.apache.http.wire --  << "content-encoding: gzip[\r][\n]"
23:01:38.962 [main] DEBUG org.apache.http.wire --  << "transfer-encoding: chunked[\r][\n]"
23:01:38.962 [main] DEBUG org.apache.http.wire --  << "server: Fly/3f2597ca (2023-05-03)[\r][\n]"
23:01:38.962 [main] DEBUG org.apache.http.wire --  << "via: 1.1 fly.io[\r][\n]"
23:01:38.962 [main] DEBUG org.apache.http.wire --  << "fly-request-id: 01GZRWR7K82T3W309YTH9WZ6CR-sin[\r][\n]"
23:01:38.962 [main] DEBUG org.apache.http.wire --  << "[\r][\n]"
23:01:38.962 [main] DEBUG org.apache.http.impl.conn.DefaultClientConnection -- Receiving response: HTTP/1.1 200 OK
23:01:38.962 [main] DEBUG org.apache.http.headers -- << HTTP/1.1 200 OK
23:01:38.962 [main] DEBUG org.apache.http.headers -- << content-type: application/json
23:01:38.962 [main] DEBUG org.apache.http.headers -- << date: Sat, 06 May 2023 16:01:38 GMT
23:01:38.962 [main] DEBUG org.apache.http.headers -- << content-encoding: gzip
23:01:38.962 [main] DEBUG org.apache.http.headers -- << transfer-encoding: chunked
23:01:38.962 [main] DEBUG org.apache.http.headers -- << server: Fly/3f2597ca (2023-05-03)
23:01:38.962 [main] DEBUG org.apache.http.headers -- << via: 1.1 fly.io
23:01:38.962 [main] DEBUG org.apache.http.headers -- << fly-request-id: 01GZRWR7K82T3W309YTH9WZ6CR-sin
23:01:38.963 [main] DEBUG org.apache.http.impl.client.DefaultHttpClient -- Connection can be kept alive indefinitely
23:01:38.963 [main] DEBUG io.restassured.internal.RestAssuredHttpBuilder -- Parsing response as: application/json
23:01:38.963 [main] DEBUG org.apache.http.wire --  << "77[\r][\n]"
23:01:38.964 [main] DEBUG org.apache.http.wire --  << "[0x1f][0x8b][0x8][0x0][0x0][0x0][0x0][0x0][0x4][0xff][0xab]VJI,IT[0xb2][0xaa]V[0xf2]tQ[0xb2]2[0xb4]43[0xb5][0xd4]Qr+[0xcd][0xc9][0xc9]K[0xcc]MU[0xb2]Rr[0xcd][0xc9],N[0xcc]K)JT[0xd2]Qr[0xcd]M[0xcc][0xcc]Q[0xb2]R[0xca][0xcb]/JJ-*[0xc9][0xd7]+([0xca][0xcf]H,[0xce]NtH[0x7][0xc9][0xe8]%[0xe7][0xe7]*[0xe9]([0x5]$[0x16][0x17][0x97][0xe7][0x17][0xa5](Y)[0xa5][0xc2]4[0x1b]*[0xd5][0xd6]r[0x1][0x0][0x1b][0xbd].[0xdb]k[0x0][0x0][0x0]"
23:01:38.964 [main] DEBUG org.apache.http.wire --  << "[\r][\n]"
23:01:38.964 [main] DEBUG org.apache.http.wire --  << "0[\r][\n]"
23:01:38.964 [main] DEBUG org.apache.http.wire --  << "[\r][\n]"
23:01:38.964 [main] DEBUG io.restassured.internal.RestAssuredHttpBuilder -- Parsed data to instance of: class org.apache.http.conn.EofSensorInputStream
23:01:38.967 [main] DEBUG org.apache.http.impl.conn.BasicClientConnectionManager -- Releasing connection org.apache.http.impl.conn.ManagedClientConnectionImpl@6c54d0dc
23:01:38.968 [main] DEBUG org.apache.http.impl.conn.BasicClientConnectionManager -- Connection can be kept alive indefinitely
23:01:38.969 [main] DEBUG net.thucydides.core.steps.StepInterceptor -- STEP DONE: createRegisterVALID
  &amp#27;[32mWhen &amp#27;[0m&amp#27;[32mI send created account with valid data input&amp#27;[0m                &amp#27;[90m# starter.stepdefinitions.UserSteps.userSendCreateAccountWithValidData()&amp#27;[0m
23:01:38.980 [main] DEBUG net.thucydides.core.steps.StepInterceptor -- STARTING STEP: UserSteps.userSeeStatusCodeAfterSendRegister - statusCodeRegVALID
23:01:38.983 [main] DEBUG net.thucydides.core.steps.StepInterceptor -- STEP DONE: statusCodeRegVALID
  &amp#27;[32mThen &amp#27;[0m&amp#27;[32mget status code 200 after send register&amp#27;[0m                     &amp#27;[90m# starter.stepdefinitions.UserSteps.userSeeStatusCodeAfterSendRegister()&amp#27;[0m
23:01:38.991 [main] DEBUG net.thucydides.core.steps.StepInterceptor -- STARTING STEP: UserSteps.userSeeNewDetailAccount - newDetailAcc
23:01:38.997 [main] DEBUG net.thucydides.core.steps.StepInterceptor -- STEP DONE: newDetailAcc
  &amp#27;[32mAnd &amp#27;[0m&amp#27;[32mI see new detail account&amp#27;[0m                                     &amp#27;[90m# starter.stepdefinitions.UserSteps.userSeeNewDetailAccount()&amp#27;[0m
23:01:39.005 [main] INFO  -- 
  _____   ___   ___   _____     ___     _     ___   ___   ___   ___  
 |_   _| | __| / __| |_   _|   | _ \   /_\   / __| / __| | __| |   \ 
   | |   | _|  \__ \   | |     |  _/  / _ \  \__ \ \__ \ | _|  | |) |
   |_|   |___| |___/   |_|     |_|   /_/ \_\ |___/ |___/ |___| |___/ 

POST REGISTER success to create account with valid input
----------------------------------------------------------------------
]]></system-out>
  </testcase>
  <testcase name="POST REGISTER failed to create account with empty fullname" classname="User able to see Home Page" time="0.583">
    <system-out><![CDATA[
@Login @invalid-register
Scenario: POST REGISTER failed to create account with empty fullname &amp#27;[90m# src/test/resources/features/Authentication.feature:25&amp#27;[0m
23:01:39.023 [main] DEBUG io.cucumber.core.plugin.SerenityReporter -- Running feature from file:///D:/Intelij/restapiMiniproject%20Elisa/src/test/resources/features/Authentication.feature
23:01:39.029 [main] INFO  -- 
  _____   ___   ___   _____     ___   _____     _     ___   _____   ___   ___  
 |_   _| | __| / __| |_   _|   / __| |_   _|   /_\   | _ \ |_   _| | __| |   \ 
   | |   | _|  \__ \   | |     \__ \   | |    / _ \  |   /   | |   | _|  | |) |
   |_|   |___| |___/   |_|     |___/   |_|   /_/ \_\ |_|_\   |_|   |___| |___/ 

POST REGISTER failed to create account with empty fullname(user-able-to-see-home-page;post-register-failed-to-create-account-with-empty-fullname)
--------------------------------------------------------------------------------
23:01:39.081 [main] DEBUG net.thucydides.core.steps.StepInterceptor -- STARTING STEP: UserSteps.userSetEndpointForRegister - endpointRegister
23:01:39.081 [main] DEBUG net.thucydides.core.steps.StepInterceptor -- STEP DONE: endpointRegister
  &amp#27;[32mGiven &amp#27;[0m&amp#27;[32mIam set endpoint for register&amp#27;[0m                                &amp#27;[90m# starter.stepdefinitions.UserSteps.userSetEndpointForRegister()&amp#27;[0m
23:01:39.093 [main] DEBUG net.thucydides.core.steps.StepInterceptor -- STARTING STEP: UserSteps.userSendPOSTHTTPRequestWithEmptyPasswordDataRegister - requestRegisterINVALID
23:01:39.218 [main] DEBUG net.thucydides.core.steps.StepInterceptor -- STARTING STEP: AuthenRegist.requestRegisterINVALID - endpointRegister
23:01:39.220 [main] DEBUG net.thucydides.core.steps.StepInterceptor -- STEP DONE: endpointRegister
23:01:39.279 [main] DEBUG org.apache.http.impl.conn.BasicClientConnectionManager -- Get connection for route {s}->https://altashop-api.fly.dev:443
23:01:39.280 [main] DEBUG org.apache.http.impl.conn.DefaultClientConnectionOperator -- Connecting to altashop-api.fly.dev:443
23:01:39.315 [Finalizer] DEBUG org.apache.http.impl.conn.DefaultClientConnection -- Connection 0.0.0.0:60079<->149.248.193.56:443 closed
23:01:39.467 [main] DEBUG org.apache.http.client.protocol.RequestAddCookies -- CookieSpec selected: ignoreCookies
23:01:39.467 [main] DEBUG org.apache.http.client.protocol.RequestAuthCache -- Auth cache not set in the context
23:01:39.467 [main] DEBUG org.apache.http.client.protocol.RequestTargetAuthentication -- Target auth state: UNCHALLENGED
23:01:39.467 [main] DEBUG org.apache.http.client.protocol.RequestProxyAuthentication -- Proxy auth state: UNCHALLENGED
23:01:39.468 [main] DEBUG org.apache.http.impl.client.DefaultHttpClient -- Attempt 1 to execute request
23:01:39.468 [main] DEBUG org.apache.http.impl.conn.DefaultClientConnection -- Sending request: POST /api/auth/register HTTP/1.1
23:01:39.468 [main] DEBUG org.apache.http.wire --  >> "POST /api/auth/register HTTP/1.1[\r][\n]"
23:01:39.468 [main] DEBUG org.apache.http.wire --  >> "Accept: */*[\r][\n]"
23:01:39.468 [main] DEBUG org.apache.http.wire --  >> "Content-Type: application/json[\r][\n]"
23:01:39.468 [main] DEBUG org.apache.http.wire --  >> "Content-Length: 57[\r][\n]"
23:01:39.469 [main] DEBUG org.apache.http.wire --  >> "Host: altashop-api.fly.dev[\r][\n]"
23:01:39.469 [main] DEBUG org.apache.http.wire --  >> "Connection: Keep-Alive[\r][\n]"
23:01:39.469 [main] DEBUG org.apache.http.wire --  >> "User-Agent: Apache-HttpClient/4.5.13 (Java/20)[\r][\n]"
23:01:39.469 [main] DEBUG org.apache.http.wire --  >> "Accept-Encoding: gzip,deflate[\r][\n]"
23:01:39.469 [main] DEBUG org.apache.http.wire --  >> "[\r][\n]"
23:01:39.469 [main] DEBUG org.apache.http.headers -- >> POST /api/auth/register HTTP/1.1
23:01:39.469 [main] DEBUG org.apache.http.headers -- >> Accept: */*
23:01:39.470 [main] DEBUG org.apache.http.headers -- >> Content-Type: application/json
23:01:39.470 [main] DEBUG org.apache.http.headers -- >> Content-Length: 57
23:01:39.470 [main] DEBUG org.apache.http.headers -- >> Host: altashop-api.fly.dev
23:01:39.470 [main] DEBUG org.apache.http.headers -- >> Connection: Keep-Alive
23:01:39.470 [main] DEBUG org.apache.http.headers -- >> User-Agent: Apache-HttpClient/4.5.13 (Java/20)
23:01:39.470 [main] DEBUG org.apache.http.headers -- >> Accept-Encoding: gzip,deflate
23:01:39.470 [main] DEBUG org.apache.http.wire --  >> "{"password":"PASSWORD","email":"irwin.stracke@gmail.com"}"
23:01:39.554 [main] DEBUG org.apache.http.wire --  << "HTTP/1.1 400 Bad Request[\r][\n]"
23:01:39.555 [main] DEBUG org.apache.http.wire --  << "content-type: application/json[\r][\n]"
23:01:39.555 [main] DEBUG org.apache.http.wire --  << "date: Sat, 06 May 2023 16:01:39 GMT[\r][\n]"
23:01:39.555 [main] DEBUG org.apache.http.wire --  << "content-encoding: gzip[\r][\n]"
23:01:39.555 [main] DEBUG org.apache.http.wire --  << "transfer-encoding: chunked[\r][\n]"
23:01:39.555 [main] DEBUG org.apache.http.wire --  << "server: Fly/3f2597ca (2023-05-03)[\r][\n]"
23:01:39.555 [main] DEBUG org.apache.http.wire --  << "via: 1.1 fly.io[\r][\n]"
23:01:39.555 [main] DEBUG org.apache.http.wire --  << "fly-request-id: 01GZRWR85VR08DMZV0MFM7BVE3-sin[\r][\n]"
23:01:39.555 [main] DEBUG org.apache.http.wire --  << "[\r][\n]"
23:01:39.555 [main] DEBUG org.apache.http.impl.conn.DefaultClientConnection -- Receiving response: HTTP/1.1 400 Bad Request
23:01:39.555 [main] DEBUG org.apache.http.headers -- << HTTP/1.1 400 Bad Request
23:01:39.555 [main] DEBUG org.apache.http.headers -- << content-type: application/json
23:01:39.555 [main] DEBUG org.apache.http.headers -- << date: Sat, 06 May 2023 16:01:39 GMT
23:01:39.555 [main] DEBUG org.apache.http.headers -- << content-encoding: gzip
23:01:39.555 [main] DEBUG org.apache.http.headers -- << transfer-encoding: chunked
23:01:39.555 [main] DEBUG org.apache.http.headers -- << server: Fly/3f2597ca (2023-05-03)
23:01:39.556 [main] DEBUG org.apache.http.headers -- << via: 1.1 fly.io
23:01:39.556 [main] DEBUG org.apache.http.headers -- << fly-request-id: 01GZRWR85VR08DMZV0MFM7BVE3-sin
23:01:39.556 [main] DEBUG org.apache.http.impl.client.DefaultHttpClient -- Connection can be kept alive indefinitely
23:01:39.556 [main] DEBUG io.restassured.internal.RestAssuredHttpBuilder -- Parsing response as: application/json
23:01:39.556 [main] DEBUG org.apache.http.wire --  << "35[\r][\n]"
23:01:39.557 [main] DEBUG org.apache.http.wire --  << "[0x1f][0x8b][0x8][0x0][0x0][0x0][0x0][0x0][0x4][0xff][0xab]VJ-*[0xca]/R[0xb2]RJ+[0xcd][0xc9][0xc9]K[0xcc]MU[0xc8],V(J-,[0xcd],JMQ[0xaa][0xe5][0x2][0x0]ok4[0xc9]![0x0][0x0][0x0]"
23:01:39.557 [main] DEBUG org.apache.http.wire --  << "[\r][\n]"
23:01:39.557 [main] DEBUG org.apache.http.wire --  << "0[\r][\n]"
23:01:39.557 [main] DEBUG org.apache.http.wire --  << "[\r][\n]"
23:01:39.557 [main] DEBUG io.restassured.internal.RestAssuredHttpBuilder -- Parsed data to instance of: class org.apache.http.conn.EofSensorInputStream
23:01:39.562 [main] DEBUG org.apache.http.impl.conn.BasicClientConnectionManager -- Releasing connection org.apache.http.impl.conn.ManagedClientConnectionImpl@172f88b1
23:01:39.562 [main] DEBUG org.apache.http.impl.conn.BasicClientConnectionManager -- Connection can be kept alive indefinitely
23:01:39.564 [main] DEBUG net.thucydides.core.steps.StepInterceptor -- STEP DONE: requestRegisterINVALID
  &amp#27;[32mWhen &amp#27;[0m&amp#27;[32mI send HTTP request with empty FULLNAME data register&amp#27;[0m         &amp#27;[90m# starter.stepdefinitions.UserSteps.userSendPOSTHTTPRequestWithEmptyPasswordDataRegister()&amp#27;[0m
23:01:39.576 [main] DEBUG net.thucydides.core.steps.StepInterceptor -- STARTING STEP: UserSteps.userSeeStatusCodeAndFailToCreateAccount - statusCodeRegInvalid
23:01:39.579 [main] DEBUG net.thucydides.core.steps.StepInterceptor -- STEP DONE: statusCodeRegInvalid
  &amp#27;[32mThen &amp#27;[0m&amp#27;[32mI see status code 400&amp#27;[0m                                         &amp#27;[90m# starter.stepdefinitions.UserSteps.userSeeStatusCodeAndFailToCreateAccount()&amp#27;[0m
23:01:39.587 [main] INFO  -- 
  _____   ___   ___   _____     ___     _     ___   ___   ___   ___  
 |_   _| | __| / __| |_   _|   | _ \   /_\   / __| / __| | __| |   \ 
   | |   | _|  \__ \   | |     |  _/  / _ \  \__ \ \__ \ | _|  | |) |
   |_|   |___| |___/   |_|     |_|   /_/ \_\ |___/ |___/ |___| |___/ 

POST REGISTER failed to create account with empty fullname
----------------------------------------------------------------------
]]></system-out>
  </testcase>
  <testcase name="GET HELLO  want to test hello index page" classname="As user I want to test index page hello" time="3.489">
    <system-out><![CDATA[23:01:39.594 [main] DEBUG io.cucumber.core.plugin.SerenityReporter -- Running feature from file:///D:/Intelij/restapiMiniproject%20Elisa/src/test/resources/features/Hello.feature
23:01:39.601 [main] DEBUG net.thucydides.core.steps.StepEventBus -- Test suite started for story net.thucydides.core.model.Story@2f14db90
23:01:39.602 [main] INFO  -- Test Suite Started: As user I want to test index page hello

Scenario: GET HELLO  want to test hello index page &amp#27;[90m# src/test/resources/features/Hello.feature:3&amp#27;[0m
23:01:39.619 [main] DEBUG io.cucumber.core.plugin.SerenityReporter -- Running feature from file:///D:/Intelij/restapiMiniproject%20Elisa/src/test/resources/features/Hello.feature
23:01:39.631 [main] INFO  -- 
  _____   ___   ___   _____     ___   _____     _     ___   _____   ___   ___  
 |_   _| | __| / __| |_   _|   / __| |_   _|   /_\   | _ \ |_   _| | __| |   \ 
   | |   | _|  \__ \   | |     \__ \   | |    / _ \  |   /   | |   | _|  | |) |
   |_|   |___| |___/   |_|     |___/   |_|   /_/ \_\ |_|_\   |_|   |___| |___/ 

GET HELLO  want to test hello index page(as-user-i-want-to-test-index-page-hello;get-hello--want-to-test-hello-index-page)
--------------------------------------------------------------------------------
23:01:39.698 [main] DEBUG net.thucydides.core.steps.StepInterceptor -- STARTING STEP: UserSteps.userSetEndpointForHello - endpointHello
23:01:39.699 [main] DEBUG net.thucydides.core.steps.StepInterceptor -- STEP DONE: endpointHello
  &amp#27;[32mGiven &amp#27;[0m&amp#27;[32mIam setting endpoint for hello&amp#27;[0m             &amp#27;[90m# starter.stepdefinitions.UserSteps.userSetEndpointForHello()&amp#27;[0m
23:01:39.717 [main] DEBUG net.thucydides.core.steps.StepInterceptor -- STARTING STEP: UserSteps.userSendRequestToEndpoint - requestEndHello
23:01:39.724 [main] DEBUG net.thucydides.core.steps.StepInterceptor -- STARTING STEP: Hello.requestEndHello - endpointHello
23:01:39.725 [main] DEBUG net.thucydides.core.steps.StepInterceptor -- STEP DONE: endpointHello
23:01:39.805 [main] DEBUG org.apache.http.impl.conn.BasicClientConnectionManager -- Get connection for route {s}->https://altashop-api.fly.dev:443
23:01:39.805 [main] DEBUG org.apache.http.impl.conn.DefaultClientConnectionOperator -- Connecting to altashop-api.fly.dev:443
23:01:39.970 [main] DEBUG org.apache.http.client.protocol.RequestAddCookies -- CookieSpec selected: ignoreCookies
23:01:39.970 [main] DEBUG org.apache.http.client.protocol.RequestAuthCache -- Auth cache not set in the context
23:01:39.970 [main] DEBUG org.apache.http.client.protocol.RequestTargetAuthentication -- Target auth state: UNCHALLENGED
23:01:39.970 [main] DEBUG org.apache.http.client.protocol.RequestProxyAuthentication -- Proxy auth state: UNCHALLENGED
23:01:39.970 [main] DEBUG org.apache.http.impl.client.DefaultHttpClient -- Attempt 1 to execute request
23:01:39.970 [main] DEBUG org.apache.http.impl.conn.DefaultClientConnection -- Sending request: GET /api/hello HTTP/1.1
23:01:39.970 [main] DEBUG org.apache.http.wire --  >> "GET /api/hello HTTP/1.1[\r][\n]"
23:01:39.970 [main] DEBUG org.apache.http.wire --  >> "Accept: */*[\r][\n]"
23:01:39.971 [main] DEBUG org.apache.http.wire --  >> "Host: altashop-api.fly.dev[\r][\n]"
23:01:39.971 [main] DEBUG org.apache.http.wire --  >> "Connection: Keep-Alive[\r][\n]"
23:01:39.971 [main] DEBUG org.apache.http.wire --  >> "User-Agent: Apache-HttpClient/4.5.13 (Java/20)[\r][\n]"
23:01:39.971 [main] DEBUG org.apache.http.wire --  >> "Accept-Encoding: gzip,deflate[\r][\n]"
23:01:39.971 [main] DEBUG org.apache.http.wire --  >> "[\r][\n]"
23:01:39.971 [main] DEBUG org.apache.http.headers -- >> GET /api/hello HTTP/1.1
23:01:39.971 [main] DEBUG org.apache.http.headers -- >> Accept: */*
23:01:39.971 [main] DEBUG org.apache.http.headers -- >> Host: altashop-api.fly.dev
23:01:39.971 [main] DEBUG org.apache.http.headers -- >> Connection: Keep-Alive
23:01:39.971 [main] DEBUG org.apache.http.headers -- >> User-Agent: Apache-HttpClient/4.5.13 (Java/20)
23:01:39.972 [main] DEBUG org.apache.http.headers -- >> Accept-Encoding: gzip,deflate
23:01:40.037 [main] DEBUG org.apache.http.wire --  << "HTTP/1.1 200 OK[\r][\n]"
23:01:40.037 [main] DEBUG org.apache.http.wire --  << "content-type: application/json[\r][\n]"
23:01:40.037 [main] DEBUG org.apache.http.wire --  << "date: Sat, 06 May 2023 16:01:39 GMT[\r][\n]"
23:01:40.038 [main] DEBUG org.apache.http.wire --  << "content-encoding: gzip[\r][\n]"
23:01:40.038 [main] DEBUG org.apache.http.wire --  << "transfer-encoding: chunked[\r][\n]"
23:01:40.038 [main] DEBUG org.apache.http.wire --  << "server: Fly/3f2597ca (2023-05-03)[\r][\n]"
23:01:40.038 [main] DEBUG org.apache.http.wire --  << "via: 1.1 fly.io[\r][\n]"
23:01:40.038 [main] DEBUG org.apache.http.wire --  << "fly-request-id: 01GZRWR8MV0RD3VXF7V8ZH6G1F-sin[\r][\n]"
23:01:40.038 [main] DEBUG org.apache.http.wire --  << "[\r][\n]"
23:01:40.038 [main] DEBUG org.apache.http.impl.conn.DefaultClientConnection -- Receiving response: HTTP/1.1 200 OK
23:01:40.038 [main] DEBUG org.apache.http.headers -- << HTTP/1.1 200 OK
23:01:40.039 [main] DEBUG org.apache.http.headers -- << content-type: application/json
23:01:40.039 [main] DEBUG org.apache.http.headers -- << date: Sat, 06 May 2023 16:01:39 GMT
23:01:40.039 [main] DEBUG org.apache.http.headers -- << content-encoding: gzip
23:01:40.039 [main] DEBUG org.apache.http.headers -- << transfer-encoding: chunked
23:01:40.039 [main] DEBUG org.apache.http.headers -- << server: Fly/3f2597ca (2023-05-03)
23:01:40.039 [main] DEBUG org.apache.http.headers -- << via: 1.1 fly.io
23:01:40.039 [main] DEBUG org.apache.http.headers -- << fly-request-id: 01GZRWR8MV0RD3VXF7V8ZH6G1F-sin
23:01:40.039 [main] DEBUG org.apache.http.impl.client.DefaultHttpClient -- Connection can be kept alive indefinitely
23:01:40.040 [main] DEBUG io.restassured.internal.RestAssuredHttpBuilder -- Parsing response as: application/json
23:01:40.040 [main] DEBUG org.apache.http.wire --  << "25[\r][\n]"
23:01:40.040 [main] DEBUG org.apache.http.wire --  << "[0x1f][0x8b][0x8][0x0][0x0][0x0][0x0][0x0][0x4][0xff][0xab]VJI,IT[0xb2]R[0xca]H[0xcd][0xc9][0xc9]W[0xaa][0xe5][0x2][0x0][0xfd][0x95][0xfe]N[0x11][0x0][0x0][0x0]"
23:01:40.040 [main] DEBUG org.apache.http.wire --  << "[\r][\n]"
23:01:40.041 [main] DEBUG org.apache.http.wire --  << "0[\r][\n]"
23:01:40.041 [main] DEBUG org.apache.http.wire --  << "[\r][\n]"
23:01:40.041 [main] DEBUG io.restassured.internal.RestAssuredHttpBuilder -- Parsed data to instance of: class org.apache.http.conn.EofSensorInputStream
23:01:40.045 [main] DEBUG org.apache.http.impl.conn.BasicClientConnectionManager -- Releasing connection org.apache.http.impl.conn.ManagedClientConnectionImpl@ab40f46
23:01:40.045 [main] DEBUG org.apache.http.impl.conn.BasicClientConnectionManager -- Connection can be kept alive indefinitely
23:01:40.047 [main] DEBUG net.thucydides.core.steps.StepInterceptor -- STEP DONE: requestEndHello
  &amp#27;[32mWhen &amp#27;[0m&amp#27;[32mIam send request endpoint&amp#27;[0m                   &amp#27;[90m# starter.stepdefinitions.UserSteps.userSendRequestToEndpoint()&amp#27;[0m
23:01:40.062 [main] DEBUG net.thucydides.core.steps.StepInterceptor -- STARTING STEP: UserSteps.statusCodeHello200 - statusCodeRequestHello
23:01:40.068 [main] DEBUG net.thucydides.core.steps.StepInterceptor -- STEP DONE: statusCodeRequestHello
  &amp#27;[32mAnd &amp#27;[0m&amp#27;[32mI could see status code 200&amp#27;[0m                  &amp#27;[90m# starter.stepdefinitions.UserSteps.statusCodeHello200()&amp#27;[0m
23:01:40.080 [main] DEBUG net.thucydides.core.steps.StepInterceptor -- STARTING STEP: UserSteps.userShowHelloMessage - showHelloMessage
23:01:43.086 [main] DEBUG net.thucydides.core.steps.StepInterceptor -- STEP DONE: showHelloMessage
  &amp#27;[32mThen &amp#27;[0m&amp#27;[32mI saw show hello message&amp#27;[0m                    &amp#27;[90m# starter.stepdefinitions.UserSteps.userShowHelloMessage()&amp#27;[0m
23:01:43.090 [main] INFO  -- 
  _____   ___   ___   _____     ___     _     ___   ___   ___   ___  
 |_   _| | __| / __| |_   _|   | _ \   /_\   / __| / __| | __| |   \ 
   | |   | _|  \__ \   | |     |  _/  / _ \  \__ \ \__ \ | _|  | |) |
   |_|   |___| |___/   |_|     |_|   /_/ \_\ |___/ |___/ |___| |___/ 

GET HELLO  want to test hello index page
----------------------------------------------------------------------
]]></system-out>
  </testcase>
  <testcase name="POST ORDER I want to make a new order" classname="As user i want to test order on website" time="0.813">
    <system-out><![CDATA[23:01:43.092 [main] DEBUG io.cucumber.core.plugin.SerenityReporter -- Running feature from file:///D:/Intelij/restapiMiniproject%20Elisa/src/test/resources/features/Orders.feature
23:01:43.095 [main] DEBUG net.thucydides.core.steps.StepEventBus -- Test suite started for story net.thucydides.core.model.Story@da1b7be6
23:01:43.095 [main] INFO  -- Test Suite Started: As user i want to test order on website

Scenario: POST ORDER I want to make a new order        &amp#27;[90m# src/test/resources/features/Orders.feature:3&amp#27;[0m
23:01:43.106 [main] DEBUG io.cucumber.core.plugin.SerenityReporter -- Running feature from file:///D:/Intelij/restapiMiniproject%20Elisa/src/test/resources/features/Orders.feature
23:01:43.112 [main] INFO  -- 
  _____   ___   ___   _____     ___   _____     _     ___   _____   ___   ___  
 |_   _| | __| / __| |_   _|   / __| |_   _|   /_\   | _ \ |_   _| | __| |   \ 
   | |   | _|  \__ \   | |     \__ \   | |    / _ \  |   /   | |   | _|  | |) |
   |_|   |___| |___/   |_|     |___/   |_|   /_/ \_\ |_|_\   |_|   |___| |___/ 

POST ORDER I want to make a new order(as-user-i-want-to-test-order-on-website;post-order-i-want-to-make-a-new-order)
--------------------------------------------------------------------------------
23:01:43.160 [main] DEBUG net.thucydides.core.steps.StepInterceptor -- STARTING STEP: UserSteps.userSetEndpointForOrder - endpointOrder
23:01:43.162 [main] DEBUG net.thucydides.core.steps.StepInterceptor -- STEP DONE: endpointOrder
  &amp#27;[32mGiven &amp#27;[0m&amp#27;[32mI set endpoint to order&amp#27;[0m                        &amp#27;[90m# starter.stepdefinitions.UserSteps.userSetEndpointForOrder()&amp#27;[0m
23:01:43.175 [main] DEBUG net.thucydides.core.steps.StepInterceptor -- STARTING STEP: UserSteps.userSuccessLoginWithValidAccount - loginValidAcc
23:01:43.224 [main] DEBUG org.apache.http.impl.conn.BasicClientConnectionManager -- Get connection for route {s}->https://altashop-api.fly.dev:443
23:01:43.225 [main] DEBUG org.apache.http.impl.conn.DefaultClientConnectionOperator -- Connecting to altashop-api.fly.dev:443
23:01:43.389 [main] DEBUG org.apache.http.client.protocol.RequestAddCookies -- CookieSpec selected: ignoreCookies
23:01:43.389 [main] DEBUG org.apache.http.client.protocol.RequestAuthCache -- Auth cache not set in the context
23:01:43.389 [main] DEBUG org.apache.http.client.protocol.RequestTargetAuthentication -- Target auth state: UNCHALLENGED
23:01:43.389 [main] DEBUG org.apache.http.client.protocol.RequestProxyAuthentication -- Proxy auth state: UNCHALLENGED
23:01:43.389 [main] DEBUG org.apache.http.impl.client.DefaultHttpClient -- Attempt 1 to execute request
23:01:43.389 [main] DEBUG org.apache.http.impl.conn.DefaultClientConnection -- Sending request: POST /api/auth/login HTTP/1.1
23:01:43.389 [main] DEBUG org.apache.http.wire --  >> "POST /api/auth/login HTTP/1.1[\r][\n]"
23:01:43.389 [main] DEBUG org.apache.http.wire --  >> "Accept: */*[\r][\n]"
23:01:43.390 [main] DEBUG org.apache.http.wire --  >> "Content-Type: application/json[\r][\n]"
23:01:43.390 [main] DEBUG org.apache.http.wire --  >> "Content-Length: 48[\r][\n]"
23:01:43.390 [main] DEBUG org.apache.http.wire --  >> "Host: altashop-api.fly.dev[\r][\n]"
23:01:43.390 [main] DEBUG org.apache.http.wire --  >> "Connection: Keep-Alive[\r][\n]"
23:01:43.390 [main] DEBUG org.apache.http.wire --  >> "User-Agent: Apache-HttpClient/4.5.13 (Java/20)[\r][\n]"
23:01:43.390 [main] DEBUG org.apache.http.wire --  >> "Accept-Encoding: gzip,deflate[\r][\n]"
23:01:43.390 [main] DEBUG org.apache.http.wire --  >> "[\r][\n]"
23:01:43.390 [main] DEBUG org.apache.http.headers -- >> POST /api/auth/login HTTP/1.1
23:01:43.390 [main] DEBUG org.apache.http.headers -- >> Accept: */*
23:01:43.390 [main] DEBUG org.apache.http.headers -- >> Content-Type: application/json
23:01:43.390 [main] DEBUG org.apache.http.headers -- >> Content-Length: 48
23:01:43.390 [main] DEBUG org.apache.http.headers -- >> Host: altashop-api.fly.dev
23:01:43.390 [main] DEBUG org.apache.http.headers -- >> Connection: Keep-Alive
23:01:43.390 [main] DEBUG org.apache.http.headers -- >> User-Agent: Apache-HttpClient/4.5.13 (Java/20)
23:01:43.390 [main] DEBUG org.apache.http.headers -- >> Accept-Encoding: gzip,deflate
23:01:43.390 [main] DEBUG org.apache.http.wire --  >> "{"password":"123123","email":"someone@mail.com"}"
23:01:43.484 [main] DEBUG org.apache.http.wire --  << "HTTP/1.1 200 OK[\r][\n]"
23:01:43.484 [main] DEBUG org.apache.http.wire --  << "content-type: application/json[\r][\n]"
23:01:43.484 [main] DEBUG org.apache.http.wire --  << "date: Sat, 06 May 2023 16:01:43 GMT[\r][\n]"
23:01:43.484 [main] DEBUG org.apache.http.wire --  << "content-encoding: gzip[\r][\n]"
23:01:43.484 [main] DEBUG org.apache.http.wire --  << "transfer-encoding: chunked[\r][\n]"
23:01:43.484 [main] DEBUG org.apache.http.wire --  << "server: Fly/3f2597ca (2023-05-03)[\r][\n]"
23:01:43.484 [main] DEBUG org.apache.http.wire --  << "via: 1.1 fly.io[\r][\n]"
23:01:43.484 [main] DEBUG org.apache.http.wire --  << "fly-request-id: 01GZRWRC0MXYCNMR7VB9BPPHJH-sin[\r][\n]"
23:01:43.484 [main] DEBUG org.apache.http.wire --  << "[\r][\n]"
23:01:43.484 [main] DEBUG org.apache.http.impl.conn.DefaultClientConnection -- Receiving response: HTTP/1.1 200 OK
23:01:43.484 [main] DEBUG org.apache.http.headers -- << HTTP/1.1 200 OK
23:01:43.485 [main] DEBUG org.apache.http.headers -- << content-type: application/json
23:01:43.485 [main] DEBUG org.apache.http.headers -- << date: Sat, 06 May 2023 16:01:43 GMT
23:01:43.485 [main] DEBUG org.apache.http.headers -- << content-encoding: gzip
23:01:43.485 [main] DEBUG org.apache.http.headers -- << transfer-encoding: chunked
23:01:43.485 [main] DEBUG org.apache.http.headers -- << server: Fly/3f2597ca (2023-05-03)
23:01:43.485 [main] DEBUG org.apache.http.headers -- << via: 1.1 fly.io
23:01:43.485 [main] DEBUG org.apache.http.headers -- << fly-request-id: 01GZRWRC0MXYCNMR7VB9BPPHJH-sin
23:01:43.485 [main] DEBUG org.apache.http.impl.client.DefaultHttpClient -- Connection can be kept alive indefinitely
23:01:43.485 [main] DEBUG io.restassured.internal.RestAssuredHttpBuilder -- Parsing response as: application/json
23:01:43.485 [main] DEBUG org.apache.http.wire --  << "AC[\r][\n]"
23:01:43.485 [main] DEBUG org.apache.http.wire --  << "[0x1f][0x8b][0x8][0x0][0x0][0x0][0x0][0x0][0x4][0xff][0xab]VJI,IT[0xb2]RJ[0xad][0xf4][0xca]HrO[0xce][0xf4][0xcf][0xf4][0xf2][0xc][0xad][0xf2]4[0xf4][0xcb][0xf4],[0xf6][0xcc][0xb]2Mv[0xf6]4[0xf3][0xcc].[0x88][0x8]s[0xf6][0xb2][0xd4]K[0xad][0xf4]rO[0x9][0xaf](N[0xca]u+[0x89][\n]"
23:01:43.485 [main] DEBUG org.apache.http.wire --  << "[0x6]K[0x94]%[0xba][0x9b][0xa4][0x7][0xb9][[0xe6]xf[0x96]g[0x6][0x85][0x1b]f$[0x86][0x97][0x83][0xc][0xa9]J22[0xcc]I22[0xcd][0x9]t[0x7][0x8b][0x95]F[0x1a]Y[0x96]x[0xe6][0x19][0xe8][0x85][0x97]9[0x5]W$[0x7][0xba][0x16][0x16][0xe6]e:[0x1b][0x96][0x19]X[0xf8]Te[0x17]y$[0xbb][0xfa][0xa4][0xa6][0x17][0x1b]$[0x99][0x97][0x95]d[0xb9][0x7][0x84]g&[0xba][0x86]'{*[0xd5]r[0x1][0x0]?[0x99][0xcf]j[0xa0][0x0][0x0][0x0]"
23:01:43.485 [main] DEBUG org.apache.http.wire --  << "[\r][\n]"
23:01:43.486 [main] DEBUG org.apache.http.wire --  << "0[\r][\n]"
23:01:43.486 [main] DEBUG org.apache.http.wire --  << "[\r][\n]"
23:01:43.486 [main] DEBUG io.restassured.internal.RestAssuredHttpBuilder -- Parsed data to instance of: class org.apache.http.conn.EofSensorInputStream
23:01:43.487 [main] DEBUG org.apache.http.impl.conn.BasicClientConnectionManager -- Releasing connection org.apache.http.impl.conn.ManagedClientConnectionImpl@7952348f
23:01:43.487 [main] DEBUG org.apache.http.impl.conn.BasicClientConnectionManager -- Connection can be kept alive indefinitely
23:01:43.558 [main] DEBUG net.thucydides.core.steps.StepInterceptor -- STEP DONE: loginValidAcc
  &amp#27;[32mAnd &amp#27;[0m&amp#27;[32mI success login and going to order&amp#27;[0m               &amp#27;[90m# starter.stepdefinitions.UserSteps.userSuccessLoginWithValidAccount()&amp#27;[0m
23:01:43.569 [main] DEBUG net.thucydides.core.steps.StepInterceptor -- STARTING STEP: UserSteps.userInputTokenInAuthorization - inputTokenOrder
23:01:43.580 [main] DEBUG net.thucydides.core.steps.StepInterceptor -- STARTING STEP: Order.inputTokenOrder - endpointOrder
23:01:43.580 [main] DEBUG net.thucydides.core.steps.StepInterceptor -- STEP DONE: endpointOrder
23:01:43.641 [main] DEBUG org.apache.http.impl.conn.BasicClientConnectionManager -- Get connection for route {s}->https://altashop-api.fly.dev:443
23:01:43.641 [main] DEBUG org.apache.http.impl.conn.DefaultClientConnectionOperator -- Connecting to altashop-api.fly.dev:443
23:01:43.802 [main] DEBUG org.apache.http.client.protocol.RequestAddCookies -- CookieSpec selected: ignoreCookies
23:01:43.802 [main] DEBUG org.apache.http.client.protocol.RequestAuthCache -- Auth cache not set in the context
23:01:43.802 [main] DEBUG org.apache.http.client.protocol.RequestProxyAuthentication -- Proxy auth state: UNCHALLENGED
23:01:43.803 [main] DEBUG org.apache.http.impl.client.DefaultHttpClient -- Attempt 1 to execute request
23:01:43.803 [main] DEBUG org.apache.http.impl.conn.DefaultClientConnection -- Sending request: POST /api/orders HTTP/1.1
23:01:43.803 [main] DEBUG org.apache.http.wire --  >> "POST /api/orders HTTP/1.1[\r][\n]"
23:01:43.803 [main] DEBUG org.apache.http.wire --  >> "Authorization: Bearer eyJhbGciOiJIUzI1NiIsInR5cCI6IkpXVCJ9.eyJGdWxsbmFtZSI6IkpvaG4gRG9lIiwiRW1haWwiOiJzb21lb25lQG1haWwuY29tIn0.WvBSxcQEqqniC1v08LzkrHcELegs0b7vtjGPWiaEWcI[\r][\n]"
23:01:43.803 [main] DEBUG org.apache.http.wire --  >> "Accept: */*[\r][\n]"
23:01:43.803 [main] DEBUG org.apache.http.wire --  >> "Content-Type: text/plain; charset=ISO-8859-1[\r][\n]"
23:01:43.803 [main] DEBUG org.apache.http.wire --  >> "Content-Length: 31[\r][\n]"
23:01:43.803 [main] DEBUG org.apache.http.wire --  >> "Host: altashop-api.fly.dev[\r][\n]"
23:01:43.803 [main] DEBUG org.apache.http.wire --  >> "Connection: Keep-Alive[\r][\n]"
23:01:43.803 [main] DEBUG org.apache.http.wire --  >> "User-Agent: Apache-HttpClient/4.5.13 (Java/20)[\r][\n]"
23:01:43.803 [main] DEBUG org.apache.http.wire --  >> "Accept-Encoding: gzip,deflate[\r][\n]"
23:01:43.803 [main] DEBUG org.apache.http.wire --  >> "[\r][\n]"
23:01:43.803 [main] DEBUG org.apache.http.headers -- >> POST /api/orders HTTP/1.1
23:01:43.803 [main] DEBUG org.apache.http.headers -- >> Authorization: Bearer eyJhbGciOiJIUzI1NiIsInR5cCI6IkpXVCJ9.eyJGdWxsbmFtZSI6IkpvaG4gRG9lIiwiRW1haWwiOiJzb21lb25lQG1haWwuY29tIn0.WvBSxcQEqqniC1v08LzkrHcELegs0b7vtjGPWiaEWcI
23:01:43.803 [main] DEBUG org.apache.http.headers -- >> Accept: */*
23:01:43.803 [main] DEBUG org.apache.http.headers -- >> Content-Type: text/plain; charset=ISO-8859-1
23:01:43.803 [main] DEBUG org.apache.http.headers -- >> Content-Length: 31
23:01:43.804 [main] DEBUG org.apache.http.headers -- >> Host: altashop-api.fly.dev
23:01:43.804 [main] DEBUG org.apache.http.headers -- >> Connection: Keep-Alive
23:01:43.804 [main] DEBUG org.apache.http.headers -- >> User-Agent: Apache-HttpClient/4.5.13 (Java/20)
23:01:43.804 [main] DEBUG org.apache.http.headers -- >> Accept-Encoding: gzip,deflate
23:01:43.804 [main] DEBUG org.apache.http.wire --  >> "[{"quantity":3,"product_id":1}]"
23:01:43.877 [main] DEBUG org.apache.http.wire --  << "HTTP/1.1 200 OK[\r][\n]"
23:01:43.878 [main] DEBUG org.apache.http.wire --  << "content-type: application/json[\r][\n]"
23:01:43.878 [main] DEBUG org.apache.http.wire --  << "date: Sat, 06 May 2023 16:01:43 GMT[\r][\n]"
23:01:43.878 [main] DEBUG org.apache.http.wire --  << "content-encoding: gzip[\r][\n]"
23:01:43.878 [main] DEBUG org.apache.http.wire --  << "transfer-encoding: chunked[\r][\n]"
23:01:43.878 [main] DEBUG org.apache.http.wire --  << "server: Fly/3f2597ca (2023-05-03)[\r][\n]"
23:01:43.878 [main] DEBUG org.apache.http.wire --  << "via: 1.1 fly.io[\r][\n]"
23:01:43.878 [main] DEBUG org.apache.http.wire --  << "fly-request-id: 01GZRWRCCXCK87AVBRDGKGBRE1-sin[\r][\n]"
23:01:43.878 [main] DEBUG org.apache.http.wire --  << "[\r][\n]"
23:01:43.878 [main] DEBUG org.apache.http.impl.conn.DefaultClientConnection -- Receiving response: HTTP/1.1 200 OK
23:01:43.878 [main] DEBUG org.apache.http.headers -- << HTTP/1.1 200 OK
23:01:43.878 [main] DEBUG org.apache.http.headers -- << content-type: application/json
23:01:43.878 [main] DEBUG org.apache.http.headers -- << date: Sat, 06 May 2023 16:01:43 GMT
23:01:43.878 [main] DEBUG org.apache.http.headers -- << content-encoding: gzip
23:01:43.878 [main] DEBUG org.apache.http.headers -- << transfer-encoding: chunked
23:01:43.878 [main] DEBUG org.apache.http.headers -- << server: Fly/3f2597ca (2023-05-03)
23:01:43.878 [main] DEBUG org.apache.http.headers -- << via: 1.1 fly.io
23:01:43.878 [main] DEBUG org.apache.http.headers -- << fly-request-id: 01GZRWRCCXCK87AVBRDGKGBRE1-sin
23:01:43.878 [main] DEBUG org.apache.http.impl.client.DefaultHttpClient -- Connection can be kept alive indefinitely
23:01:43.878 [main] DEBUG io.restassured.internal.RestAssuredHttpBuilder -- Parsing response as: application/json
23:01:43.878 [main] DEBUG org.apache.http.wire --  << "99[\r][\n]"
23:01:43.879 [main] DEBUG org.apache.http.wire --  << "[0x1f][0x8b][0x8][0x0][0x0][0x0][0x0][0x0][0x4][0xff][0xab]VJI,IT[0xb2][0x8a][0xae]V[0xf2]tQ[0xb2]240[0xb3]0[0xd3]Q[\n]"
23:01:43.879 [main] DEBUG org.apache.http.wire --  << "-N-R[0xb2][0x82][\n]"
23:01:43.879 [main] DEBUG org.apache.http.wire --  << "[0x99]Y[0x9a]X[0xe8]([0xb9][0x95][0xe6][0xe4][0xe4]%[0xe6][0xa6]*Y)y[0xe5]g[0xe4])[0xb8][0xe4][0xa7]*[0xe9]([0xb9][0xe6]&f[0xe6](Y)[0x15][0xe7][0xe7][0xa6][0xe6][0xe7][0xa5]:[0x80][0xb8]z[0xc9][0xf9][0xb9]J:J[0x1][0x89][0xc5][0xc5][0xe5][0xf9]E)JVJ[0x86]F[0xc6][0x86]F[0xc6]J[0xb5]:J[0x1]E[0xf9])[0xa5][0xc9]%JVy[0xa5]99:J[0x81][0xa5][0x89]y%[0x99]%[0x95]JV[0xc6][0xb5][0xb1][0xb5]\[0x0][0xc6]W[0xaa]f[0x8d][0x0][0x0][0x0]"
23:01:43.879 [main] DEBUG org.apache.http.wire --  << "[\r][\n]"
23:01:43.879 [main] DEBUG org.apache.http.wire --  << "0[\r][\n]"
23:01:43.879 [main] DEBUG org.apache.http.wire --  << "[\r][\n]"
23:01:43.879 [main] DEBUG io.restassured.internal.RestAssuredHttpBuilder -- Parsed data to instance of: class org.apache.http.conn.EofSensorInputStream
23:01:43.881 [main] DEBUG org.apache.http.impl.conn.BasicClientConnectionManager -- Releasing connection org.apache.http.impl.conn.ManagedClientConnectionImpl@43b45e77
23:01:43.881 [main] DEBUG org.apache.http.impl.conn.BasicClientConnectionManager -- Connection can be kept alive indefinitely
23:01:43.883 [main] DEBUG net.thucydides.core.steps.StepInterceptor -- STEP DONE: inputTokenOrder
  &amp#27;[32mWhen &amp#27;[0m&amp#27;[32mI input token authorization&amp#27;[0m                     &amp#27;[90m# starter.stepdefinitions.UserSteps.userInputTokenInAuthorization()&amp#27;[0m
23:01:43.894 [main] DEBUG net.thucydides.core.steps.StepInterceptor -- STARTING STEP: UserSteps.userSeeNewOrderResponse - seeResponseOrder
23:01:43.900 [main] DEBUG net.thucydides.core.steps.StepInterceptor -- STEP DONE: seeResponseOrder
  &amp#27;[32mThen &amp#27;[0m&amp#27;[32muser see status code 200 and new order response&amp#27;[0m &amp#27;[90m# starter.stepdefinitions.UserSteps.userSeeNewOrderResponse()&amp#27;[0m
23:01:43.906 [main] INFO  -- 
  _____   ___   ___   _____     ___     _     ___   ___   ___   ___  
 |_   _| | __| / __| |_   _|   | _ \   /_\   / __| / __| | __| |   \ 
   | |   | _|  \__ \   | |     |  _/  / _ \  \__ \ \__ \ | _|  | |) |
   |_|   |___| |___/   |_|     |_|   /_/ \_\ |___/ |___/ |___| |___/ 

POST ORDER I want to make a new order
----------------------------------------------------------------------
]]></system-out>
  </testcase>
  <testcase name="GET - As a user I want to list all my order" classname="As user i want to test order on website" time="0.664">
    <system-out><![CDATA[
Scenario: GET - As a user I want to list all my order        &amp#27;[90m# src/test/resources/features/Orders.feature:9&amp#27;[0m
23:01:43.921 [main] DEBUG io.cucumber.core.plugin.SerenityReporter -- Running feature from file:///D:/Intelij/restapiMiniproject%20Elisa/src/test/resources/features/Orders.feature
23:01:43.927 [main] INFO  -- 
  _____   ___   ___   _____     ___   _____     _     ___   _____   ___   ___  
 |_   _| | __| / __| |_   _|   / __| |_   _|   /_\   | _ \ |_   _| | __| |   \ 
   | |   | _|  \__ \   | |     \__ \   | |    / _ \  |   /   | |   | _|  | |) |
   |_|   |___| |___/   |_|     |___/   |_|   /_/ \_\ |_|_\   |_|   |___| |___/ 

GET - As a user I want to list all my order(as-user-i-want-to-test-order-on-website;get---as-a-user-i-want-to-list-all-my-order)
--------------------------------------------------------------------------------
23:01:43.972 [main] DEBUG net.thucydides.core.steps.StepInterceptor -- STARTING STEP: UserSteps.userSetEndpointForOrder - endpointOrder
23:01:43.973 [main] DEBUG net.thucydides.core.steps.StepInterceptor -- STEP DONE: endpointOrder
  &amp#27;[32mGiven &amp#27;[0m&amp#27;[32mI set endpoint to order&amp#27;[0m                              &amp#27;[90m# starter.stepdefinitions.UserSteps.userSetEndpointForOrder()&amp#27;[0m
23:01:43.982 [main] DEBUG net.thucydides.core.steps.StepInterceptor -- STARTING STEP: UserSteps.userSendRequestToEndpointOrder - sendRequestOrder
23:01:43.986 [main] DEBUG net.thucydides.core.steps.StepInterceptor -- STARTING STEP: Order.sendRequestOrder - endpointOrder
23:01:43.987 [main] DEBUG net.thucydides.core.steps.StepInterceptor -- STEP DONE: endpointOrder
23:01:44.022 [main] DEBUG org.apache.http.impl.conn.BasicClientConnectionManager -- Get connection for route {s}->https://altashop-api.fly.dev:443
23:01:44.023 [main] DEBUG org.apache.http.impl.conn.DefaultClientConnectionOperator -- Connecting to altashop-api.fly.dev:443
23:01:44.162 [main] DEBUG org.apache.http.client.protocol.RequestAddCookies -- CookieSpec selected: ignoreCookies
23:01:44.163 [main] DEBUG org.apache.http.client.protocol.RequestAuthCache -- Auth cache not set in the context
23:01:44.163 [main] DEBUG org.apache.http.client.protocol.RequestProxyAuthentication -- Proxy auth state: UNCHALLENGED
23:01:44.163 [main] DEBUG org.apache.http.impl.client.DefaultHttpClient -- Attempt 1 to execute request
23:01:44.163 [main] DEBUG org.apache.http.impl.conn.DefaultClientConnection -- Sending request: GET /api/orders HTTP/1.1
23:01:44.163 [main] DEBUG org.apache.http.wire --  >> "GET /api/orders HTTP/1.1[\r][\n]"
23:01:44.163 [main] DEBUG org.apache.http.wire --  >> "Authorization: Bearer eyJhbGciOiJIUzI1NiIsInR5cCI6IkpXVCJ9.eyJGdWxsbmFtZSI6IkpvaG4gRG9lIiwiRW1haWwiOiJzb21lb25lQG1haWwuY29tIn0.WvBSxcQEqqniC1v08LzkrHcELegs0b7vtjGPWiaEWcI[\r][\n]"
23:01:44.163 [main] DEBUG org.apache.http.wire --  >> "Accept: */*[\r][\n]"
23:01:44.163 [main] DEBUG org.apache.http.wire --  >> "Host: altashop-api.fly.dev[\r][\n]"
23:01:44.163 [main] DEBUG org.apache.http.wire --  >> "Connection: Keep-Alive[\r][\n]"
23:01:44.163 [main] DEBUG org.apache.http.wire --  >> "User-Agent: Apache-HttpClient/4.5.13 (Java/20)[\r][\n]"
23:01:44.163 [main] DEBUG org.apache.http.wire --  >> "Accept-Encoding: gzip,deflate[\r][\n]"
23:01:44.163 [main] DEBUG org.apache.http.wire --  >> "[\r][\n]"
23:01:44.163 [main] DEBUG org.apache.http.headers -- >> GET /api/orders HTTP/1.1
23:01:44.164 [main] DEBUG org.apache.http.headers -- >> Authorization: Bearer eyJhbGciOiJIUzI1NiIsInR5cCI6IkpXVCJ9.eyJGdWxsbmFtZSI6IkpvaG4gRG9lIiwiRW1haWwiOiJzb21lb25lQG1haWwuY29tIn0.WvBSxcQEqqniC1v08LzkrHcELegs0b7vtjGPWiaEWcI
23:01:44.164 [main] DEBUG org.apache.http.headers -- >> Accept: */*
23:01:44.164 [main] DEBUG org.apache.http.headers -- >> Host: altashop-api.fly.dev
23:01:44.164 [main] DEBUG org.apache.http.headers -- >> Connection: Keep-Alive
23:01:44.164 [main] DEBUG org.apache.http.headers -- >> User-Agent: Apache-HttpClient/4.5.13 (Java/20)
23:01:44.164 [main] DEBUG org.apache.http.headers -- >> Accept-Encoding: gzip,deflate
23:01:44.310 [main] DEBUG org.apache.http.wire --  << "HTTP/1.1 200 OK[\r][\n]"
23:01:44.311 [main] DEBUG org.apache.http.wire --  << "content-type: application/json[\r][\n]"
23:01:44.311 [main] DEBUG org.apache.http.wire --  << "date: Sat, 06 May 2023 16:01:44 GMT[\r][\n]"
23:01:44.311 [main] DEBUG org.apache.http.wire --  << "content-encoding: gzip[\r][\n]"
23:01:44.311 [main] DEBUG org.apache.http.wire --  << "transfer-encoding: chunked[\r][\n]"
23:01:44.311 [main] DEBUG org.apache.http.wire --  << "server: Fly/3f2597ca (2023-05-03)[\r][\n]"
23:01:44.311 [main] DEBUG org.apache.http.wire --  << "via: 1.1 fly.io[\r][\n]"
23:01:44.311 [main] DEBUG org.apache.http.wire --  << "fly-request-id: 01GZRWRCR9HQABNX0XS2XJS45D-sin[\r][\n]"
23:01:44.311 [main] DEBUG org.apache.http.wire --  << "[\r][\n]"
23:01:44.311 [main] DEBUG org.apache.http.impl.conn.DefaultClientConnection -- Receiving response: HTTP/1.1 200 OK
23:01:44.311 [main] DEBUG org.apache.http.headers -- << HTTP/1.1 200 OK
23:01:44.311 [main] DEBUG org.apache.http.headers -- << content-type: application/json
23:01:44.312 [main] DEBUG org.apache.http.headers -- << date: Sat, 06 May 2023 16:01:44 GMT
23:01:44.312 [main] DEBUG org.apache.http.headers -- << content-encoding: gzip
23:01:44.312 [main] DEBUG org.apache.http.headers -- << transfer-encoding: chunked
23:01:44.312 [main] DEBUG org.apache.http.headers -- << server: Fly/3f2597ca (2023-05-03)
23:01:44.312 [main] DEBUG org.apache.http.headers -- << via: 1.1 fly.io
23:01:44.312 [main] DEBUG org.apache.http.headers -- << fly-request-id: 01GZRWRCR9HQABNX0XS2XJS45D-sin
23:01:44.312 [main] DEBUG org.apache.http.impl.client.DefaultHttpClient -- Connection can be kept alive indefinitely
23:01:44.312 [main] DEBUG io.restassured.internal.RestAssuredHttpBuilder -- Parsing response as: application/json
23:01:44.312 [main] DEBUG org.apache.http.wire --  << "5B[\r][\n]"
23:01:44.312 [main] DEBUG org.apache.http.wire --  << "[0x1f][0x8b][0x8][0x0][0x0][0x0][0x0][0x0][0x4][0xff][0xab]VJI,IT[0xb2][0x8a][0xae]V[\n]"
23:01:44.312 [main] DEBUG org.apache.http.wire --  << "([0xca]O)M.Q[0xb2]R[\n]"
23:01:44.312 [main] DEBUG org.apache.http.wire --  << "[0xce][0xcf][0xab]T[0x8][0x8]6U[0xd2]Q[\n]"
23:01:44.312 [main] DEBUG org.apache.http.wire --  << "([0xca]LNU[0xb2]2[0xb2][0xb4][0xd4]Q[\n]"
23:01:44.312 [main] DEBUG org.apache.http.wire --  << ",M[0xcc]+[0xc9],[0xa9]T[0xb2]2[0xd4]Q[\n]"
23:01:44.312 [main] DEBUG org.apache.http.wire --  << ".M*[0xc9]/I[0xcc][0x1][0xcb][0xd5][0xc6][0xd6]r[0x1][0x0][0xab]![0x9e][0xf9]J[0x0][0x0][0x0]"
23:01:44.312 [main] DEBUG org.apache.http.wire --  << "[\r][\n]"
23:01:44.312 [main] DEBUG org.apache.http.wire --  << "0[\r][\n]"
23:01:44.312 [main] DEBUG org.apache.http.wire --  << "[\r][\n]"
23:01:44.312 [main] DEBUG io.restassured.internal.RestAssuredHttpBuilder -- Parsed data to instance of: class org.apache.http.conn.EofSensorInputStream
23:01:44.314 [main] DEBUG org.apache.http.impl.conn.BasicClientConnectionManager -- Releasing connection org.apache.http.impl.conn.ManagedClientConnectionImpl@6ca95b1e
23:01:44.314 [main] DEBUG org.apache.http.impl.conn.BasicClientConnectionManager -- Connection can be kept alive indefinitely
23:01:44.315 [main] DEBUG net.thucydides.core.steps.StepInterceptor -- STEP DONE: sendRequestOrder
  &amp#27;[32mWhen &amp#27;[0m&amp#27;[32mI send request to endpoint order&amp#27;[0m                      &amp#27;[90m# starter.stepdefinitions.UserSteps.userSendRequestToEndpointOrder()&amp#27;[0m
23:01:44.319 [main] DEBUG net.thucydides.core.steps.StepInterceptor -- STARTING STEP: UserSteps.userInputTokenInAuthorization - inputTokenOrder
23:01:44.320 [main] DEBUG net.thucydides.core.steps.StepInterceptor -- STARTING STEP: Order.inputTokenOrder - endpointOrder
23:01:44.321 [main] DEBUG net.thucydides.core.steps.StepInterceptor -- STEP DONE: endpointOrder
23:01:44.332 [main] DEBUG org.apache.http.impl.conn.BasicClientConnectionManager -- Get connection for route {s}->https://altashop-api.fly.dev:443
23:01:44.332 [main] DEBUG org.apache.http.impl.conn.DefaultClientConnectionOperator -- Connecting to altashop-api.fly.dev:443
23:01:44.479 [main] DEBUG org.apache.http.client.protocol.RequestAddCookies -- CookieSpec selected: ignoreCookies
23:01:44.479 [main] DEBUG org.apache.http.client.protocol.RequestAuthCache -- Auth cache not set in the context
23:01:44.479 [main] DEBUG org.apache.http.client.protocol.RequestProxyAuthentication -- Proxy auth state: UNCHALLENGED
23:01:44.479 [main] DEBUG org.apache.http.impl.client.DefaultHttpClient -- Attempt 1 to execute request
23:01:44.479 [main] DEBUG org.apache.http.impl.conn.DefaultClientConnection -- Sending request: POST /api/orders HTTP/1.1
23:01:44.479 [main] DEBUG org.apache.http.wire --  >> "POST /api/orders HTTP/1.1[\r][\n]"
23:01:44.479 [main] DEBUG org.apache.http.wire --  >> "Authorization: Bearer eyJhbGciOiJIUzI1NiIsInR5cCI6IkpXVCJ9.eyJGdWxsbmFtZSI6IkpvaG4gRG9lIiwiRW1haWwiOiJzb21lb25lQG1haWwuY29tIn0.WvBSxcQEqqniC1v08LzkrHcELegs0b7vtjGPWiaEWcI[\r][\n]"
23:01:44.479 [main] DEBUG org.apache.http.wire --  >> "Accept: */*[\r][\n]"
23:01:44.479 [main] DEBUG org.apache.http.wire --  >> "Content-Type: text/plain; charset=ISO-8859-1[\r][\n]"
23:01:44.479 [main] DEBUG org.apache.http.wire --  >> "Content-Length: 31[\r][\n]"
23:01:44.479 [main] DEBUG org.apache.http.wire --  >> "Host: altashop-api.fly.dev[\r][\n]"
23:01:44.479 [main] DEBUG org.apache.http.wire --  >> "Connection: Keep-Alive[\r][\n]"
23:01:44.479 [main] DEBUG org.apache.http.wire --  >> "User-Agent: Apache-HttpClient/4.5.13 (Java/20)[\r][\n]"
23:01:44.479 [main] DEBUG org.apache.http.wire --  >> "Accept-Encoding: gzip,deflate[\r][\n]"
23:01:44.479 [main] DEBUG org.apache.http.wire --  >> "[\r][\n]"
23:01:44.479 [main] DEBUG org.apache.http.headers -- >> POST /api/orders HTTP/1.1
23:01:44.479 [main] DEBUG org.apache.http.headers -- >> Authorization: Bearer eyJhbGciOiJIUzI1NiIsInR5cCI6IkpXVCJ9.eyJGdWxsbmFtZSI6IkpvaG4gRG9lIiwiRW1haWwiOiJzb21lb25lQG1haWwuY29tIn0.WvBSxcQEqqniC1v08LzkrHcELegs0b7vtjGPWiaEWcI
23:01:44.479 [main] DEBUG org.apache.http.headers -- >> Accept: */*
23:01:44.479 [main] DEBUG org.apache.http.headers -- >> Content-Type: text/plain; charset=ISO-8859-1
23:01:44.479 [main] DEBUG org.apache.http.headers -- >> Content-Length: 31
23:01:44.479 [main] DEBUG org.apache.http.headers -- >> Host: altashop-api.fly.dev
23:01:44.479 [main] DEBUG org.apache.http.headers -- >> Connection: Keep-Alive
23:01:44.479 [main] DEBUG org.apache.http.headers -- >> User-Agent: Apache-HttpClient/4.5.13 (Java/20)
23:01:44.479 [main] DEBUG org.apache.http.headers -- >> Accept-Encoding: gzip,deflate
23:01:44.479 [main] DEBUG org.apache.http.wire --  >> "[{"quantity":3,"product_id":1}]"
23:01:44.554 [main] DEBUG org.apache.http.wire --  << "HTTP/1.1 200 OK[\r][\n]"
23:01:44.554 [main] DEBUG org.apache.http.wire --  << "content-type: application/json[\r][\n]"
23:01:44.554 [main] DEBUG org.apache.http.wire --  << "date: Sat, 06 May 2023 16:01:44 GMT[\r][\n]"
23:01:44.554 [main] DEBUG org.apache.http.wire --  << "content-encoding: gzip[\r][\n]"
23:01:44.554 [main] DEBUG org.apache.http.wire --  << "transfer-encoding: chunked[\r][\n]"
23:01:44.554 [main] DEBUG org.apache.http.wire --  << "server: Fly/3f2597ca (2023-05-03)[\r][\n]"
23:01:44.554 [main] DEBUG org.apache.http.wire --  << "via: 1.1 fly.io[\r][\n]"
23:01:44.554 [main] DEBUG org.apache.http.wire --  << "fly-request-id: 01GZRWRD20DZ9J1GMA5SCCE98E-sin[\r][\n]"
23:01:44.554 [main] DEBUG org.apache.http.wire --  << "[\r][\n]"
23:01:44.554 [main] DEBUG org.apache.http.impl.conn.DefaultClientConnection -- Receiving response: HTTP/1.1 200 OK
23:01:44.554 [main] DEBUG org.apache.http.headers -- << HTTP/1.1 200 OK
23:01:44.554 [main] DEBUG org.apache.http.headers -- << content-type: application/json
23:01:44.554 [main] DEBUG org.apache.http.headers -- << date: Sat, 06 May 2023 16:01:44 GMT
23:01:44.554 [main] DEBUG org.apache.http.headers -- << content-encoding: gzip
23:01:44.554 [main] DEBUG org.apache.http.headers -- << transfer-encoding: chunked
23:01:44.554 [main] DEBUG org.apache.http.headers -- << server: Fly/3f2597ca (2023-05-03)
23:01:44.554 [main] DEBUG org.apache.http.headers -- << via: 1.1 fly.io
23:01:44.554 [main] DEBUG org.apache.http.headers -- << fly-request-id: 01GZRWRD20DZ9J1GMA5SCCE98E-sin
23:01:44.554 [main] DEBUG org.apache.http.impl.client.DefaultHttpClient -- Connection can be kept alive indefinitely
23:01:44.554 [main] DEBUG io.restassured.internal.RestAssuredHttpBuilder -- Parsing response as: application/json
23:01:44.555 [main] DEBUG org.apache.http.wire --  << "99[\r][\n]"
23:01:44.555 [main] DEBUG org.apache.http.wire --  << "[0x1f][0x8b][0x8][0x0][0x0][0x0][0x0][0x0][0x4][0xff][0xab]VJI,IT[0xb2][0x8a][0xae]V[0xf2]tQ[0xb2]240[0xb3]0[0xd7]Q[\n]"
23:01:44.555 [main] DEBUG org.apache.http.wire --  << "-N-R[0xb2][0x82][\n]"
23:01:44.555 [main] DEBUG org.apache.http.wire --  << "[0x99]Y[0x9a]X[0xe8]([0xb9][0x95][0xe6][0xe4][0xe4]%[0xe6][0xa6]*Y)y[0xe5]g[0xe4])[0xb8][0xe4][0xa7]*[0xe9]([0xb9][0xe6]&f[0xe6](Y)[0x15][0xe7][0xe7][0xa6][0xe6][0xe7][0xa5]:[0x80][0xb8]z[0xc9][0xf9][0xb9]J:J[0x1][0x89][0xc5][0xc5][0xe5][0xf9]E)JVJ[0x86]F[0xc6][0x86]F[0xc6]J[0xb5]:J[0x1]E[0xf9])[0xa5][0xc9]%JVy[0xa5]99:J[0x81][0xa5][0x89]y%[0x99]%[0x95]JV[0xc6][0xb5][0xb1][0xb5]\[0x0][0xb8][0xef][0xf9][0xf3][0x8d][0x0][0x0][0x0]"
23:01:44.555 [main] DEBUG org.apache.http.wire --  << "[\r][\n]"
23:01:44.555 [main] DEBUG org.apache.http.wire --  << "0[\r][\n]"
23:01:44.555 [main] DEBUG org.apache.http.wire --  << "[\r][\n]"
23:01:44.555 [main] DEBUG io.restassured.internal.RestAssuredHttpBuilder -- Parsed data to instance of: class org.apache.http.conn.EofSensorInputStream
23:01:44.556 [main] DEBUG org.apache.http.impl.conn.BasicClientConnectionManager -- Releasing connection org.apache.http.impl.conn.ManagedClientConnectionImpl@207b0d48
23:01:44.556 [main] DEBUG org.apache.http.impl.conn.BasicClientConnectionManager -- Connection can be kept alive indefinitely
23:01:44.557 [main] DEBUG net.thucydides.core.steps.StepInterceptor -- STEP DONE: inputTokenOrder
[...]
23:01:47.585 [main] DEBUG org.apache.http.client.protocol.RequestAddCookies -- CookieSpec selected: ignoreCookies
23:01:47.586 [main] DEBUG org.apache.http.client.protocol.RequestAuthCache -- Auth cache not set in the context
23:01:47.586 [main] DEBUG org.apache.http.client.protocol.RequestProxyAuthentication -- Proxy auth state: UNCHALLENGED
23:01:47.586 [main] DEBUG org.apache.http.impl.client.DefaultHttpClient -- Attempt 1 to execute request
23:01:47.586 [main] DEBUG org.apache.http.impl.conn.DefaultClientConnection -- Sending request: DELETE /api/products/187 HTTP/1.1
23:01:47.586 [main] DEBUG org.apache.http.wire --  >> "DELETE /api/products/187 HTTP/1.1[\r][\n]"
23:01:47.586 [main] DEBUG org.apache.http.wire --  >> "Authorization: Bearer eyJhbGciOiJIUzI1NiIsInR5cCI6IkpXVCJ9.eyJGdWxsbmFtZSI6IkZpcnN0bmFtZSBMYXN0bmFtZSIsIkVtYWlsIjoic29tZW9uZUBtYWlsLmNvbSJ9.bGpZNDg6YHtKlTFw7_yuyn3SAICmfvdIV1yX7mIKrTw[\r][\n]"
23:01:47.586 [main] DEBUG org.apache.http.wire --  >> "Accept: */*[\r][\n]"
23:01:47.586 [main] DEBUG org.apache.http.wire --  >> "Host: altashop-api.fly.dev[\r][\n]"
23:01:47.586 [main] DEBUG org.apache.http.wire --  >> "Connection: Keep-Alive[\r][\n]"
23:01:47.586 [main] DEBUG org.apache.http.wire --  >> "User-Agent: Apache-HttpClient/4.5.13 (Java/20)[\r][\n]"
23:01:47.586 [main] DEBUG org.apache.http.wire --  >> "Accept-Encoding: gzip,deflate[\r][\n]"
23:01:47.586 [main] DEBUG org.apache.http.wire --  >> "[\r][\n]"
23:01:47.586 [main] DEBUG org.apache.http.headers -- >> DELETE /api/products/187 HTTP/1.1
23:01:47.586 [main] DEBUG org.apache.http.headers -- >> Authorization: Bearer eyJhbGciOiJIUzI1NiIsInR5cCI6IkpXVCJ9.eyJGdWxsbmFtZSI6IkZpcnN0bmFtZSBMYXN0bmFtZSIsIkVtYWlsIjoic29tZW9uZUBtYWlsLmNvbSJ9.bGpZNDg6YHtKlTFw7_yuyn3SAICmfvdIV1yX7mIKrTw
23:01:47.586 [main] DEBUG org.apache.http.headers -- >> Accept: */*
23:01:47.586 [main] DEBUG org.apache.http.headers -- >> Host: altashop-api.fly.dev
23:01:47.586 [main] DEBUG org.apache.http.headers -- >> Connection: Keep-Alive
23:01:47.586 [main] DEBUG org.apache.http.headers -- >> User-Agent: Apache-HttpClient/4.5.13 (Java/20)
23:01:47.586 [main] DEBUG org.apache.http.headers -- >> Accept-Encoding: gzip,deflate
23:01:47.681 [main] DEBUG org.apache.http.wire --  << "HTTP/1.1 200 OK[\r][\n]"
23:01:47.681 [main] DEBUG org.apache.http.wire --  << "content-type: application/json[\r][\n]"
23:01:47.681 [main] DEBUG org.apache.http.wire --  << "date: Sat, 06 May 2023 16:01:47 GMT[\r][\n]"
23:01:47.681 [main] DEBUG org.apache.http.wire --  << "content-encoding: gzip[\r][\n]"
23:01:47.681 [main] DEBUG org.apache.http.wire --  << "transfer-encoding: chunked[\r][\n]"
23:01:47.682 [main] DEBUG org.apache.http.wire --  << "server: Fly/3f2597ca (2023-05-03)[\r][\n]"
23:01:47.682 [main] DEBUG org.apache.http.wire --  << "via: 1.1 fly.io[\r][\n]"
23:01:47.682 [main] DEBUG org.apache.http.wire --  << "fly-request-id: 01GZRWRG3HWD6QFRE1061J7C8V-sin[\r][\n]"
23:01:47.682 [main] DEBUG org.apache.http.wire --  << "[\r][\n]"
23:01:47.682 [main] DEBUG org.apache.http.impl.conn.DefaultClientConnection -- Receiving response: HTTP/1.1 200 OK
23:01:47.682 [main] DEBUG org.apache.http.headers -- << HTTP/1.1 200 OK
23:01:47.682 [main] DEBUG org.apache.http.headers -- << content-type: application/json
23:01:47.682 [main] DEBUG org.apache.http.headers -- << date: Sat, 06 May 2023 16:01:47 GMT
23:01:47.682 [main] DEBUG org.apache.http.headers -- << content-encoding: gzip
23:01:47.682 [main] DEBUG org.apache.http.headers -- << transfer-encoding: chunked
23:01:47.682 [main] DEBUG org.apache.http.headers -- << server: Fly/3f2597ca (2023-05-03)
23:01:47.682 [main] DEBUG org.apache.http.headers -- << via: 1.1 fly.io
23:01:47.682 [main] DEBUG org.apache.http.headers -- << fly-request-id: 01GZRWRG3HWD6QFRE1061J7C8V-sin
23:01:47.682 [main] DEBUG org.apache.http.impl.client.DefaultHttpClient -- Connection can be kept alive indefinitely
23:01:47.682 [main] DEBUG io.restassured.internal.RestAssuredHttpBuilder -- Parsing response as: application/json
23:01:47.682 [main] DEBUG org.apache.http.wire --  << "22[\r][\n]"
23:01:47.682 [main] DEBUG org.apache.http.wire --  << "[0x1f][0x8b][0x8][0x0][0x0][0x0][0x0][0x0][0x4][0xff][0xab]VJI,IT[0xb2][0xca]+[0xcd][0xc9][0xa9][0xe5][0x2][0x0][0xa3][0xab][0x8f]W[0xe][0x0][0x0][0x0]"
23:01:47.682 [main] DEBUG org.apache.http.wire --  << "[\r][\n]"
23:01:47.682 [main] DEBUG org.apache.http.wire --  << "0[\r][\n]"
23:01:47.684 [main] DEBUG org.apache.http.wire --  << "[\r][\n]"
23:01:47.684 [main] DEBUG io.restassured.internal.RestAssuredHttpBuilder -- Parsed data to instance of: class org.apache.http.conn.EofSensorInputStream
23:01:47.687 [main] DEBUG org.apache.http.impl.conn.BasicClientConnectionManager -- Releasing connection org.apache.http.impl.conn.ManagedClientConnectionImpl@8611b3f
23:01:47.687 [main] DEBUG org.apache.http.impl.conn.BasicClientConnectionManager -- Connection can be kept alive indefinitely
23:01:47.689 [main] DEBUG net.thucydides.core.steps.StepInterceptor -- STEP DONE: sendRequestDelProd
  &amp#27;[32mWhen &amp#27;[0m&amp#27;[32mi send request for delete product&amp#27;[0m            &amp#27;[90m# starter.stepdefinitions.UserSteps.userSendRequestForDeleteProduct()&amp#27;[0m
  &amp#27;[32mThen &amp#27;[0m&amp#27;[32mI get status code 200&amp#27;[0m                        &amp#27;[90m# starter.stepdefinitions.UserSteps.get200ProductPost()&amp#27;[0m
23:01:47.706 [main] DEBUG net.thucydides.core.steps.StepInterceptor -- STARTING STEP: UserSteps.userReceiveValidDataForDeletingProduct - validateDeleting
23:01:47.710 [main] DEBUG net.thucydides.core.steps.StepInterceptor -- STEP DONE: validateDeleting
  &amp#27;[32mAnd &amp#27;[0m&amp#27;[32mI receive valid data for deleting product&amp#27;[0m     &amp#27;[90m# starter.stepdefinitions.UserSteps.userReceiveValidDataForDeletingProduct()&amp#27;[0m
23:01:47.717 [main] INFO  -- 
  _____   ___   ___   _____     ___     _     ___   ___   ___   ___  
 |_   _| | __| / __| |_   _|   | _ \   /_\   / __| / __| | __| |   \ 
   | |   | _|  \__ \   | |     |  _/  / _ \  \__ \ \__ \ | _|  | |) |
   |_|   |___| |___/   |_|     |_|   /_/ \_\ |___/ |___/ |___| |___/ 

DELETE PRODUCT I want to delete a product
----------------------------------------------------------------------
]]></system-out>
  </testcase>
  <testcase name="GET - As a user I want to see product comments" classname="Product Data" time="0.448">
    <system-out><![CDATA[
Scenario: GET - As a user I want to see product comments &amp#27;[90m# src/test/resources/features/Product.feature:24&amp#27;[0m
23:01:47.734 [main] DEBUG io.cucumber.core.plugin.SerenityReporter -- Running feature from file:///D:/Intelij/restapiMiniproject%20Elisa/src/test/resources/features/Product.feature
23:01:47.741 [main] INFO  -- 
  _____   ___   ___   _____     ___   _____     _     ___   _____   ___   ___  
 |_   _| | __| / __| |_   _|   / __| |_   _|   /_\   | _ \ |_   _| | __| |   \ 
   | |   | _|  \__ \   | |     \__ \   | |    / _ \  |   /   | |   | _|  | |) |
   |_|   |___| |___/   |_|     |___/   |_|   /_/ \_\ |_|_\   |_|   |___| |___/ 

GET - As a user I want to see product comments(product-data;get---as-a-user-i-want-to-see-product-comments)
--------------------------------------------------------------------------------
23:01:47.794 [main] DEBUG net.thucydides.core.steps.StepInterceptor -- STARTING STEP: UserSteps.userSetEndpointForProductComments - endpointCommentProd
23:01:47.795 [main] DEBUG net.thucydides.core.steps.StepInterceptor -- STEP DONE: endpointCommentProd
  &amp#27;[32mGiven &amp#27;[0m&amp#27;[32mI set the endpoint for product comment&amp#27;[0m           &amp#27;[90m# starter.stepdefinitions.UserSteps.userSetEndpointForProductComments()&amp#27;[0m
23:01:47.806 [main] DEBUG net.thucydides.core.steps.StepInterceptor -- STARTING STEP: UserSteps.userSendRequestForProductComments - requestComment
23:01:47.809 [main] DEBUG net.thucydides.core.steps.StepInterceptor -- STARTING STEP: Product.requestComment - endpointCommentProd
23:01:47.809 [main] DEBUG net.thucydides.core.steps.StepInterceptor -- STEP DONE: endpointCommentProd
23:01:47.836 [main] DEBUG org.apache.http.impl.conn.BasicClientConnectionManager -- Get connection for route {s}->https://altashop-api.fly.dev:443
23:01:47.837 [main] DEBUG org.apache.http.impl.conn.DefaultClientConnectionOperator -- Connecting to altashop-api.fly.dev:443
23:01:47.993 [main] DEBUG org.apache.http.client.protocol.RequestAddCookies -- CookieSpec selected: ignoreCookies
23:01:47.993 [main] DEBUG org.apache.http.client.protocol.RequestAuthCache -- Auth cache not set in the context
23:01:47.993 [main] DEBUG org.apache.http.client.protocol.RequestProxyAuthentication -- Proxy auth state: UNCHALLENGED
23:01:47.993 [main] DEBUG org.apache.http.impl.client.DefaultHttpClient -- Attempt 1 to execute request
23:01:47.993 [main] DEBUG org.apache.http.impl.conn.DefaultClientConnection -- Sending request: GET /api/products/2/comments HTTP/1.1
23:01:47.993 [main] DEBUG org.apache.http.wire --  >> "GET /api/products/2/comments HTTP/1.1[\r][\n]"
23:01:47.994 [main] DEBUG org.apache.http.wire --  >> "Authorization: Bearer eyJhbGciOiJIUzI1NiIsInR5cCI6IkpXVCJ9.eyJGdWxsbmFtZSI6IkZpcnN0bmFtZSBMYXN0bmFtZSIsIkVtYWlsIjoic29tZW9uZUBtYWlsLmNvbSJ9.bGpZNDg6YHtKlTFw7_yuyn3SAICmfvdIV1yX7mIKrTw[\r][\n]"
23:01:47.994 [main] DEBUG org.apache.http.wire --  >> "Accept: */*[\r][\n]"
23:01:47.994 [main] DEBUG org.apache.http.wire --  >> "Host: altashop-api.fly.dev[\r][\n]"
23:01:47.994 [main] DEBUG org.apache.http.wire --  >> "Connection: Keep-Alive[\r][\n]"
23:01:47.994 [main] DEBUG org.apache.http.wire --  >> "User-Agent: Apache-HttpClient/4.5.13 (Java/20)[\r][\n]"
23:01:47.994 [main] DEBUG org.apache.http.wire --  >> "Accept-Encoding: gzip,deflate[\r][\n]"
23:01:47.994 [main] DEBUG org.apache.http.wire --  >> "[\r][\n]"
23:01:47.994 [main] DEBUG org.apache.http.headers -- >> GET /api/products/2/comments HTTP/1.1
23:01:47.994 [main] DEBUG org.apache.http.headers -- >> Authorization: Bearer eyJhbGciOiJIUzI1NiIsInR5cCI6IkpXVCJ9.eyJGdWxsbmFtZSI6IkZpcnN0bmFtZSBMYXN0bmFtZSIsIkVtYWlsIjoic29tZW9uZUBtYWlsLmNvbSJ9.bGpZNDg6YHtKlTFw7_yuyn3SAICmfvdIV1yX7mIKrTw
23:01:47.994 [main] DEBUG org.apache.http.headers -- >> Accept: */*
23:01:47.994 [main] DEBUG org.apache.http.headers -- >> Host: altashop-api.fly.dev
23:01:47.994 [main] DEBUG org.apache.http.headers -- >> Connection: Keep-Alive
23:01:47.994 [main] DEBUG org.apache.http.headers -- >> User-Agent: Apache-HttpClient/4.5.13 (Java/20)
23:01:47.994 [main] DEBUG org.apache.http.headers -- >> Accept-Encoding: gzip,deflate
23:01:48.103 [main] DEBUG org.apache.http.wire --  << "HTTP/1.1 200 OK[\r][\n]"
23:01:48.103 [main] DEBUG org.apache.http.wire --  << "content-type: application/json[\r][\n]"
23:01:48.103 [main] DEBUG org.apache.http.wire --  << "date: Sat, 06 May 2023 16:01:48 GMT[\r][\n]"
23:01:48.103 [main] DEBUG org.apache.http.wire --  << "transfer-encoding: chunked[\r][\n]"
23:01:48.103 [main] DEBUG org.apache.http.wire --  << "content-encoding: gzip[\r][\n]"
23:01:48.103 [main] DEBUG org.apache.http.wire --  << "server: Fly/3f2597ca (2023-05-03)[\r][\n]"
23:01:48.104 [main] DEBUG org.apache.http.wire --  << "via: 1.1 fly.io[\r][\n]"
23:01:48.104 [main] DEBUG org.apache.http.wire --  << "fly-request-id: 01GZRWRGGFMTTYQRV2VE84W6JB-sin[\r][\n]"
23:01:48.104 [main] DEBUG org.apache.http.wire --  << "[\r][\n]"
23:01:48.104 [main] DEBUG org.apache.http.impl.conn.DefaultClientConnection -- Receiving response: HTTP/1.1 200 OK
23:01:48.104 [main] DEBUG org.apache.http.headers -- << HTTP/1.1 200 OK
23:01:48.104 [main] DEBUG org.apache.http.headers -- << content-type: application/json
23:01:48.104 [main] DEBUG org.apache.http.headers -- << date: Sat, 06 May 2023 16:01:48 GMT
23:01:48.104 [main] DEBUG org.apache.http.headers -- << transfer-encoding: chunked
23:01:48.104 [main] DEBUG org.apache.http.headers -- << content-encoding: gzip
23:01:48.104 [main] DEBUG org.apache.http.headers -- << server: Fly/3f2597ca (2023-05-03)
23:01:48.104 [main] DEBUG org.apache.http.headers -- << via: 1.1 fly.io
23:01:48.104 [main] DEBUG org.apache.http.headers -- << fly-request-id: 01GZRWRGGFMTTYQRV2VE84W6JB-sin
23:01:48.104 [main] DEBUG org.apache.http.impl.client.DefaultHttpClient -- Connection can be kept alive indefinitely
23:01:48.104 [main] DEBUG io.restassured.internal.RestAssuredHttpBuilder -- Parsing response as: application/json
23:01:48.104 [main] DEBUG org.apache.http.wire --  << "153[\r][\n]"
23:01:48.105 [main] DEBUG org.apache.http.wire --  << "[0x1f][0x8b][0x8][0x0][0x0][0x0][0x0][0x0][0x4][0xff][0xaa]VJI,IT[0xb2][0x8a][0xae]V[0xf2]tQ[0xb2]24056[0xd6]Qr[0xce][0xcf]+I[0xcd]+Q[0xb2]Rr[0xcc][0xc9]L,V[0xc8]LQH[0xc9],.[0xc9][0xcc]K.[0xc9][0xcc]W(N-,[0xcd]T(K-[0xca],I,[0xc9],[0xd6]S[0xd2]Q[\n]"
23:01:48.105 [main] DEBUG org.apache.http.wire --  << "-N-R[0xb2][0xca]+[0xcd][0xc9][0xd1]Q[\n]"
23:01:48.105 [main] DEBUG org.apache.http.wire --  << "([0xca]O)M.[0x81]q[0x9d][0xf3]ss[0xc1]f[0x81]dku[0x10][0xf6][0x98] [0xdb][0xe3][0x9c][0x9f][0x7]26[0xb1][0xa4][0xb4]H!'[0xb1]4%1[0xaf]$[0xb3]4W!7?'[0xb5][0xb8]$31U!1E![0xb5][0x84]\[0xab]L[0x91][0xad]*[0xc9]HUHO[0xcc]M-VH,JUH/JM,Q[0xc8][0xcc]K[0xce])M[0xc9][0xcc]KWp/J[0xcc]S[0x8])-[0xca],[0xce][0xcd]W0WH*-Q(NL[0xc9][0xa9]Tp[0xf]1Q[0xc8],V[0xc8]-M[0xce]PHJ-)I-"[0xd3][0xdf][0xe6][0x83][0xc9]1[0x16][0x83][0xc8]1&[0x6][0x83][0xc9]1[0x86][0x83][0xc9]1F[0xc8][0x8e][0xc9]T/)Vp+[0xca]LI[0xac]$/[0x9][0x9a][0xa0]d[0xf1][0x1][0xce][0xf]&[0x83])s[0x9a][0xa1][0x14]J[0x14][0x7][0xb4][0xd9]`[0xf2][0x9b][0xf9]`[0xca]^[0xe6][0x83])[0x9][0x9a][0xf][0xa6]h[0xb2][0xb0]D[0xce][0xeb][0x3][0x9c]9-[0x7]Q)hf0[0x88][0x12][0xb0][0x99][0xc1] [0x8a]&3c[0x94][0xfa][0x81][0xf6]i[0x6][0x0][0x0][0x0][0xff][0xff]"
23:01:48.105 [main] DEBUG org.apache.http.wire --  << "[\r][\n]"
23:01:48.105 [main] DEBUG org.apache.http.wire --  << "2F8[\r][\n]"
23:01:48.105 [main] DEBUG org.apache.http.wire --  << "[0x2][0xb7][0xf3]p4[0xec][0xcc][0xcc][0x6]S4[0x99][\r][0xa6][0x4]l<[0x88][0xca][0x19]3S[0x14][0xc7]PZ[0xd5][0x99][0x99][0x9a]![0x17][[0x94][0x1b][0x87][0xd2]Jv-QH-QH[0xad]HN-()-[0xca]T(,ML-J,Q[0xc8][0xcb][0xcc][0xc8][0xcc]Q[0xc8]O[0xc9],[0x81][0xb][0x81]z[0x11][0x99][0xe4][0xf5][0x13][0xcc]L[0x7]Qk[0xd8][0xcc]t0[0x15]0[0xa8][0xf5][0x80][0x9e][0x9e][0x9e]B[0xa2]Bnf^[0x8a]B^jjJ[0xb1]BR~~v[0xb1]Bb[0xb1]B[0xa2]Bqy~[0x11]L8Q[0xa1]<#[0xb5][0xa4][0xb8]$?/UG!3M![0xb3][0x4][0xd4][0x83]*[0xc9]W[0xc8]NM-P[0xc8],)VHMIO%3[0xb2],Q[0xca][0xbc][0xf0][0xcc][0xbc][0x92][0xd4]"[0x90][0xf1][0xc9][0xf9][0xb9][0x99]y[0xe9][0xe4][0x1a]J[0xdd]Tl[0x89][0x92][0x8a][0x1d][0xf3]R[0x14][0x8a][0xf3][0x15]2R[0x15][0x8a][0xb][0xf2][0xb3]Su[0x14][0x12][0xd1][0x5]J2[0x12]K[0x14]|@[0x1][0x98][0x9f][0xa6][0xe0][0x9c]X\[0x92][0x98][0x9b]Z[0x94][0xaa][0x3][0xee][0x85][0xe6][0xe5][0x97]+[0x80]J[0xf6][0xa2][0xc4][0xcc][0xbc]b[0x85]rP[0x8][0xe6][0xab][0xa7][0x16])dd[0x16]+d$[0xe6][0xe4][0xe8]([0x94]g[0x96]d([0xe4][0xe5]+[0xe4][0xe7][0xa5][0x82]T[0x16][0xa5]*[0x94][0x80]lK,[0xd2]S[0x88]L-[0xd6]Q l[0x2][0xc8]Ay[0xf9]%[0xa0]h[0xcc]/[0xcd][0x81]k'[0xab][0x97]af[0x89][0x92][0x80][0xa9][0x13]A[0xe6][0xa8]m[0x0]P[0x88]z*d$[0x96][0xa5]*$*[0x94][0xa4][0xe6][0xa5][0xa4][0x16][0x81][0xc2][0x16][0xd4][0x9f]W[0xc8][0xad]T[0xc8]HM,*QH[0xcb]/RH.[0xca],([0xc8][0x1]u[0xf9][0xf3]R[0x14][0x92]@[0x1][[0x94]R[0xc][0xe][0xff][0xa4][0xa2][0xfc][0xec][0xd4]<[0x85][0x92][0x8c][0xcc][0xbc]t2[0x87]2[0xcc][\r]P*[0x99][0x90][0x8c]T[0x5][0xbf][0xfc][0xa2][0x92][0xc][0x85][0xa2][0xd4][0xdc][0xd4][0xdc][0xa4][0xd4]"r[0xcd]5D)[0xa2]A[0x91]?p[0xe3][0x16][0xe6][0x86]([0xd1]9[0xc0][0x8e]1A[0xc9][0xfc][0x3][0xed][0x18][0x94]N[0xe3]@;[0x6][0xa5][0x4][0x1b]h[0xc7][0xc][0xa2][\n]"
23:01:48.105 [main] DEBUG org.apache.http.wire --  << "[0xd5][0xdc]t[0x10][0xb5]K[0xcd]M[0x7]S[0x2]6[0x1d]D[0x9d]qs[0xd3][0xc1][0x94][0x9b]P[0x1b][0xc9][0x3][0x9c][0x9b]P[0x9b][0xd8][0x3][0xed][0x18][0x94][0xa6][0xcd]@;f0[0xd5]M[0x83][0xa9][0xff]kn6[0x98][0xca][0x19][0xb3][0xc1]T[0xce][0xa0][0xe][0xf5][0xe]p[0x2]6[0x1b]L[0xb5][0xb6][0xd9]`[0xaa][0xb5][0x7][0xd3][0xa8][0xb5]9[0xea][0xa8][0xb5]Obiz[0x6][0xb4][0xd7]Y[0x90][0x9f]Y[0x9c][0x9f][0x7][0xea]1[0xa5][0xa5]&[0x16][0x91][0xd7][0xfb]4[0x1f]L[0xe3][0xd0][0xe6][0xe6](I211[0x91][0xac]^[0xa0][0xb9][0xf9]`[0xaa]',P[0x9a][0x80][0xc1]%[0xa5][0x5][0xa9]i[0xe4][0xcd][0xa1][0x99][[0xa0][0xf5][0xf9]JA[0x9d][0xcf][0xa4][0xcc][0xa2][0x14][0xf2][0x82][0xc9][0x2][0xa5][0x9c][0xe]J,K[0xcd]K[0xce]I,'[0xd3]0[0x94]r[0xd6][0xbd][0xa8]2--3/%[0x9f][0xbc][0x9]ks[0x8b][0xc1][0xd4] [0xb3]@I[0x95][0x3]\j[[0xc][0xa6][0x82][0xd2][0x12]%m[0xf]p[0xc8][0xa0][0x8e][0x17][0xe][0xb4]c[0x6]Q[0xeb][0xd0][0xc2][0x0]%[0xa3][0xf]l[0xc8]X[0x18][0xc][0xa2][0xac]ma0[0x88]F[0xbb],[0xc][0x6]Q[0xb5]ea8[0x88][0xb2][0xb6][0x85]!J[0xc5]7[0xc0][0x9][0xd8]p0[0xe5]&[0xc3][0xc1][0x94][0x9b][0x6][0xd3][0xd8][0xb1][0x85][0xe1][0xa0][0xca]M[0x83][0xa9]:0[0x1a]L[0xb9][0xc9][0x8]%[0x9a][0x2]J[0xb3][0xcb]KS[0xd2]3S1[0x1b][0xa1][0x0][0x0][0x0][0x0][0xff][0xff]"
23:01:48.105 [main] DEBUG org.apache.http.wire --  << "[\r][\n]"
23:01:48.106 [main] DEBUG org.apache.http.wire --  << "8F[\r][\n]"
23:01:48.106 [main] DEBUG org.apache.http.wire --  << ""b}[0xa7][0x85][0xd1] j[0x1c]Y[0x18][0xf][0xa6][0x12]t0[0xad][0xd6][0xb0]0[0x1e]L[0x85][0x96][0xf1] j[0xdd][[0x18][0xf][0xa6][0x4]<[0x98][0xd6][0xc6]Z[0xc][0xa6][0xd9]7[0xb][0x93][0xc1][0x94][0x80]M[0x6]S[0x2]6[0x19]L[0x9]x0[0xcd][0xbe]Y[0xc][0xa6][0xd9]7[0x8b][0xc1]4[0xe1]e1[0x98][0xe6][0x98],[0x6][0xd3]z,[0x8b][0xc1][0xb4][0x1e][0xcb]b0[0xcd][0xa4]X[0x98][0xa1]4[0x1b][0x7][0xb8]Gh6[0x98]Z[0xf7][0xe6][0x83][0xa9]u[0x8f]:y1[0xc0][0xd1]d>[0x98]j[0xed][0xc1]4[0xef]b1[0x98]&L,[0xcc][0x7]SnB[0x9d]r[0x19][0x90][0x4][0x1c][[0xcb][0x5][0x0][0x0][0x0][0xff][0xff]"
23:01:48.106 [main] DEBUG org.apache.http.wire --  << "[\r][\n]"
23:01:48.106 [main] DEBUG org.apache.http.wire --  << "A[\r][\n]"
23:01:48.106 [main] DEBUG org.apache.http.wire --  << "[0x3][0x0][0x9f][0xdb]c~29[0x0][0x0]"
23:01:48.106 [main] DEBUG org.apache.http.wire --  << "[\r][\n]"
23:01:48.106 [main] DEBUG org.apache.http.wire --  << "0[\r][\n]"
23:01:48.106 [main] DEBUG org.apache.http.wire --  << "[\r][\n]"
23:01:48.106 [main] DEBUG io.restassured.internal.RestAssuredHttpBuilder -- Parsed data to instance of: class org.apache.http.conn.EofSensorInputStream
23:01:48.109 [main] DEBUG org.apache.http.impl.conn.BasicClientConnectionManager -- Releasing connection org.apache.http.impl.conn.ManagedClientConnectionImpl@26db1100
23:01:48.109 [main] DEBUG org.apache.http.impl.conn.BasicClientConnectionManager -- Connection can be kept alive indefinitely
23:01:48.123 [main] DEBUG net.thucydides.core.steps.StepInterceptor -- STEP DONE: requestComment
  &amp#27;[32mWhen &amp#27;[0m&amp#27;[32mI send HTTP request for product comment&amp#27;[0m           &amp#27;[90m# starter.stepdefinitions.UserSteps.userSendRequestForProductComments()&amp#27;[0m
  &amp#27;[32mThen &amp#27;[0m&amp#27;[32mI get status code 200&amp#27;[0m                             &amp#27;[90m# starter.stepdefinitions.UserSteps.get200ProductPost()&amp#27;[0m
23:01:48.137 [main] DEBUG net.thucydides.core.steps.StepInterceptor -- STARTING STEP: UserSteps.userReceiveValidDataForProductComments - receiveDataComment
23:01:48.162 [main] DEBUG net.thucydides.core.steps.StepInterceptor -- STEP DONE: receiveDataComment
  &amp#27;[32mAnd &amp#27;[0m&amp#27;[32mI receive valid data for product comment&amp#27;[0m           &amp#27;[90m# starter.stepdefinitions.UserSteps.userReceiveValidDataForProductComments()&amp#27;[0m
23:01:48.165 [main] INFO  -- 
  _____   ___   ___   _____     ___     _     ___   ___   ___   ___  
 |_   _| | __| / __| |_   _|   | _ \   /_\   / __| / __| | __| |   \ 
   | |   | _|  \__ \   | |     |  _/  / _ \  \__ \ \__ \ | _|  | |) |
   |_|   |___| |___/   |_|     |_|   /_/ \_\ |___/ |___/ |___| |___/ 

GET - As a user I want to see product comments
----------------------------------------------------------------------
]]></system-out>
  </testcase>
</testsuite>